###############################################################################
#
# IAR C/C++ Compiler V7.30.5.1680 for Microchip AVR       08/Feb/2024  10:48:55
# Copyright 1996-2022 IAR Systems AB.
# Mobile license - IAR Embedded Workbench for Microchip AVR 8.10
#
#    Source file  =  
#        C:\Users\ESY\OneDrive -
#        Scanjet\Documents\GitHub\S2Prog\IO\ANZB_ATmega1281\Src\adc.c
#    Command line =  
#        -f C:\Users\ESY\AppData\Local\Temp\EWA60B.tmp ("C:\Users\ESY\OneDrive
#        - Scanjet\Documents\GitHub\S2Prog\IO\ANZB_ATmega1281\Src\adc.c"
#        --cpu=m1281 -ms -o "C:\Users\ESY\OneDrive -
#        Scanjet\Documents\GitHub\S2Prog\IO\ANZB_ATmega1281\Release\Obj" -D
#        OS_LIBMODE_R -D OS_UART=-1 -D USE_16552_DRIVER_TASK=1 -D
#        USE_1281_RX_INT_TASK=1 -D USE_MODBUS_PROTOCOL=0 -D ANZBANA_V8=0 -D
#        __ATMEGA_1281__ -lCN "C:\Users\ESY\OneDrive -
#        Scanjet\Documents\GitHub\S2Prog\IO\ANZB_ATmega1281\Release\List" -y
#        --initializers_in_flash -DENABLE_BIT_DEFINITIONS -e -I
#        "C:\Users\ESY\OneDrive -
#        Scanjet\Documents\GitHub\S2Prog\IO\ANZB_ATmega1281\INC\\" -I
#        "C:\Users\ESY\OneDrive -
#        Scanjet\Documents\GitHub\S2Prog\IO\ANZB_ATmega1281\..\..\SHARED\INC\\"
#        --eeprom_size 4096 --clib -Ohs)
#    Locale       =  English_USA.1252
#    List file    =  
#        C:\Users\ESY\OneDrive -
#        Scanjet\Documents\GitHub\S2Prog\IO\ANZB_ATmega1281\Release\List\adc.lst
#    Object file  =  
#        C:\Users\ESY\OneDrive -
#        Scanjet\Documents\GitHub\S2Prog\IO\ANZB_ATmega1281\Release\Obj\adc.r90
#
###############################################################################

C:\Users\ESY\OneDrive - Scanjet\Documents\GitHub\S2Prog\IO\ANZB_ATmega1281\Src\adc.c
      1          /****************************************************************************************
      2          / AD converter functions and interrupt
      3          /
      4          ***************************************************************************************/
      5          
      6          #include "iom1281.h"

   \                                 In  segment ABSOLUTE, at 0x7c
   \   union <unnamed> volatile __io _A_ADMUX
   \                     _A_ADMUX:
   \   00000000                      DS8 1

   \                                 In  segment ABSOLUTE, at 0x7a
   \   union <unnamed> volatile __io _A_ADCSRA
   \                     _A_ADCSRA:
   \   00000000                      DS8 1

   \                                 In  segment ABSOLUTE, at 0x78
   \   union <unnamed> volatile __io _A_ADC
   \                     _A_ADC:
   \   00000000                      DS8 2
      7          #include "stdio.h"
      8          #include "math.h"
      9          #include "externals.h"
     10          #include "version.h"
     11          #pragma diag_suppress=Pa082
     12          

   \                                 In  segment CODE, align 2, keep-with-next
     13          void Int_Handler_AD( void ){
   \                     Int_Handler_AD:
     14              //
     15              //  volatile undefined behavior
     16              // ADInt.Result[ADChannel] = ADC; // Reading ADCL and ADCH in one run
     17              //
     18              ADInt.Result[ADChannel] = ADC; // Reading ADCL and ADCH in one run
   \   00000000   9100....           LDS     R16, ADChannel
   \   00000004   9120....           LDS     R18, _A_ADC
   \   00000008   9130....           LDS     R19, (_A_ADC + 1)
   \   0000000C   E012               LDI     R17, 2
   \   0000000E   9F01               MUL     R16, R17
   \   00000010   01F0               MOVW    R31:R30, R1:R0
   \   00000012   ....               SUBI    R30, LOW((-(ADInt) & 0xFFFF))
   \   00000014   ....               SBCI    R31, (-(ADInt) & 0xFFFF) >> 8
   \   00000016   8320               ST      Z, R18
   \   00000018   8331               STD     Z+1, R19
     19              if (++ADChannel > 0x01 ) {                //set next ADchannel
   \   0000001A   9100....           LDS     R16, ADChannel
   \   0000001E   9503               INC     R16
   \   00000020   9300....           STS     ADChannel, R16
   \   00000024   3002               CPI     R16, 2
   \   00000026   F018               BRCS    ??Int_Handler_AD_0
     20                    ADChannel = 0x00 ;
   \   00000028   E000               LDI     R16, 0
   \   0000002A   9300....           STS     ADChannel, R16
     21              }
     22              ADMUX &= 0xe0 ;                           // set the channel
   \                     ??Int_Handler_AD_0:
   \   0000002E   9100....           LDS     R16, _A_ADMUX
   \   00000032   7E00               ANDI    R16, 0xE0
   \   00000034   9300....           STS     _A_ADMUX, R16
     23              // volatile undefined behavior
     24              // ADMUX |= ADChannel;
     25              //
     26              ADMUX |= ADChannel;
   \   00000038   9100....           LDS     R16, ADChannel
   \   0000003C   9110....           LDS     R17, _A_ADMUX
   \   00000040   2B10               OR      R17, R16
   \   00000042   9310....           STS     _A_ADMUX, R17
     27              // 128 -> 1281
     28              ADCSRA |= 0x40 ;                           //start new convertion
   \   00000046   9100007A           LDS     R16, 122
   \   0000004A   6400               ORI     R16, 0x40
   \   0000004C   9300007A           STS     122, R16
     29          }
   \   00000050   9508               RET
   \   00000052                      REQUIRE _A_ADC
   \   00000052                      REQUIRE _A_ADMUX
   \   00000052                      REQUIRE _A_ADCSRA
     30          
     31          
     32          #pragma vector=ADC_vect

   \                                 In  segment CODE, align 2, keep-with-next
     33          __interrupt void IntHandler_AD( void ){
   \                     IntHandler_AD:
   \   00000000   939A               ST      -Y, R25
   \   00000002   938A               ST      -Y, R24
   \   00000004   93FA               ST      -Y, R31
   \   00000006   93EA               ST      -Y, R30
   \   00000008   923A               ST      -Y, R3
   \   0000000A   922A               ST      -Y, R2
   \   0000000C   921A               ST      -Y, R1
   \   0000000E   920A               ST      -Y, R0
   \   00000010   937A               ST      -Y, R23
   \   00000012   936A               ST      -Y, R22
   \   00000014   935A               ST      -Y, R21
   \   00000016   934A               ST      -Y, R20
   \   00000018   933A               ST      -Y, R19
   \   0000001A   932A               ST      -Y, R18
   \   0000001C   931A               ST      -Y, R17
   \   0000001E   930A               ST      -Y, R16
   \   00000020   B78F               IN      R24, 0x3F
   \   00000022   B79B               IN      R25, 0x3B
     34              OS_CallISR(Int_Handler_AD);
   \   00000024   ....               LDI     R16, LOW(Int_Handler_AD/2)
   \   00000026   ....               LDI     R17, (Int_Handler_AD/2) >> 8
   \   00000028   ........           CALL    OS_CallISR
     35          }
   \   0000002C   BF9B               OUT     0x3B, R25
   \   0000002E   BF8F               OUT     0x3F, R24
   \   00000030   9109               LD      R16, Y+
   \   00000032   9119               LD      R17, Y+
   \   00000034   9129               LD      R18, Y+
   \   00000036   9139               LD      R19, Y+
   \   00000038   9149               LD      R20, Y+
   \   0000003A   9159               LD      R21, Y+
   \   0000003C   9169               LD      R22, Y+
   \   0000003E   9179               LD      R23, Y+
   \   00000040   9009               LD      R0, Y+
   \   00000042   9019               LD      R1, Y+
   \   00000044   9029               LD      R2, Y+
   \   00000046   9039               LD      R3, Y+
   \   00000048   91E9               LD      R30, Y+
   \   0000004A   91F9               LD      R31, Y+
   \   0000004C   9189               LD      R24, Y+
   \   0000004E   9199               LD      R25, Y+
   \   00000050   9518               RETI

   \                                 In  segment INTVEC, offset 0x74, root
   \                     `??IntHandler_AD::??INTVEC 116`:
   \   00000074   ........           JMP     IntHandler_AD
     36          

   Maximum stack usage in bytes:

   CSTACK RSTACK Function
   ------ ------ --------
     16      2   IntHandler_AD
       16      2   -> OS_CallISR
      0      2   Int_Handler_AD


   Segment part sizes:

   Bytes  Function/Label
   -----  --------------
      82  IntHandler_AD
       4  IntHandler_AD::??INTVEC 116
      82  Int_Handler_AD
       2  _A_ADC
       1  _A_ADCSRA
       1  _A_ADMUX

 
   4 bytes in segment ABSOLUTE
 164 bytes in segment CODE
   4 bytes in segment INTVEC
 
 164 bytes of CODE memory (+ 4 bytes shared)
   0 bytes of DATA memory (+ 4 bytes shared)

Errors: none
Warnings: none
