  SimulateTDU.cpp
d:\s2prog\txu\simulatetdu\simulatetdu.cpp(8): fatal error C1083: Cannot open include file: 'Anpro10Const.h': No such file or directory
  stdafx.cpp
c1xx : fatal error C1083: Cannot open source file: '..\..\src\stdafx.cpp': No such file or directory
  WindowsSystem.cpp
c1xx : fatal error C1083: Cannot open source file: '..\..\src\WindowsSystem.cpp': No such file or directory
  TSNTasks.cpp
c1xx : fatal error C1083: Cannot open source file: '..\..\src\TSNTasks.cpp': No such file or directory
  TDUWaterIngressWin.cpp
c1xx : fatal error C1083: Cannot open source file: '..\..\src\TDUWaterIngressWin.cpp': No such file or directory
  TDUVoidSpaceWin.cpp
c1xx : fatal error C1083: Cannot open source file: '..\..\src\TDUVoidSpaceWin.cpp': No such file or directory
  TDUUtilities.cpp
c1xx : fatal error C1083: Cannot open source file: '..\..\src\TDUUtilities.cpp': No such file or directory
  TDUUserManual.cpp
c1xx : fatal error C1083: Cannot open source file: '..\..\src\TDUUserManual.cpp': No such file or directory
  TDUTempWin.cpp
c1xx : fatal error C1083: Cannot open source file: '..\..\src\TDUTempWin.cpp': No such file or directory
  TDUTempGraphWin.cpp
c1xx : fatal error C1083: Cannot open source file: '..\..\src\TDUTempGraphWin.cpp': No such file or directory
  TDUTankPressWin.cpp
c1xx : fatal error C1083: Cannot open source file: '..\..\src\TDUTankPressWin.cpp': No such file or directory
  TDUTankFarmWin.cpp
c1xx : fatal error C1083: Cannot open source file: '..\..\src\TDUTankFarmWin.cpp': No such file or directory
  TDUTankCleaningWin.cpp
c1xx : fatal error C1083: Cannot open source file: '..\..\src\TDUTankCleaningWin.cpp': No such file or directory
  TDUTankCleaningDetailsWin.cpp
c1xx : fatal error C1083: Cannot open source file: '..\..\src\TDUTankCleaningDetailsWin.cpp': No such file or directory
  TDUSystemWin.cpp
c1xx : fatal error C1083: Cannot open source file: '..\..\src\TDUSystemWin.cpp': No such file or directory
  TDUSysWin5.cpp
c1xx : fatal error C1083: Cannot open source file: '..\..\src\TDUSysWin5.cpp': No such file or directory
  TDUSysWin4.cpp
c1xx : fatal error C1083: Cannot open source file: '..\..\src\TDUSysWin4.cpp': No such file or directory
  TDUSysWin3.cpp
c1xx : fatal error C1083: Cannot open source file: '..\..\src\TDUSysWin3.cpp': No such file or directory
  TDUSysWin2.cpp
c1xx : fatal error C1083: Cannot open source file: '..\..\src\TDUSysWin2.cpp': No such file or directory
  TDUSysWin1.cpp
c1xx : fatal error C1083: Cannot open source file: '..\..\src\TDUSysWin1.cpp': No such file or directory
  Generating Code...
  Compiling...
  TDUSysSetupWin.cpp
c1xx : fatal error C1083: Cannot open source file: '..\..\src\TDUSysSetupWin.cpp': No such file or directory
  TDUServiceWin.cpp
c1xx : fatal error C1083: Cannot open source file: '..\..\src\TDUServiceWin.cpp': No such file or directory
  TDUPrinterSetupWin.cpp
c1xx : fatal error C1083: Cannot open source file: '..\..\src\TDUPrinterSetupWin.cpp': No such file or directory
  TDUPresentWin.cpp
c1xx : fatal error C1083: Cannot open source file: '..\..\src\TDUPresentWin.cpp': No such file or directory
  TDUNotConfiguredWin.cpp
c1xx : fatal error C1083: Cannot open source file: '..\..\src\TDUNotConfiguredWin.cpp': No such file or directory
  TDUMultipageTankDetails.cpp
c1xx : fatal error C1083: Cannot open source file: '..\..\src\TDUMultipageTankDetails.cpp': No such file or directory
  TDUMessageBoxList.cpp
c1xx : fatal error C1083: Cannot open source file: '..\..\src\TDUMessageBoxList.cpp': No such file or directory
  TDUMessageBoxCancel.cpp
c1xx : fatal error C1083: Cannot open source file: '..\..\src\TDUMessageBoxCancel.cpp': No such file or directory
  TDUMessageBox.cpp
c1xx : fatal error C1083: Cannot open source file: '..\..\src\TDUMessageBox.cpp': No such file or directory
  TDUMainWin.cpp
c1xx : fatal error C1083: Cannot open source file: '..\..\src\TDUMainWin.cpp': No such file or directory
  TDULinePressWin.cpp
c1xx : fatal error C1083: Cannot open source file: '..\..\src\TDULinePressWin.cpp': No such file or directory
  TDULevelSwitchWin.cpp
c1xx : fatal error C1083: Cannot open source file: '..\..\src\TDULevelSwitchWin.cpp': No such file or directory
  TDUKeyBoard.cpp
c1xx : fatal error C1083: Cannot open source file: '..\..\src\TDUKeyBoard.cpp': No such file or directory
  TDUGroupWin.cpp
c1xx : fatal error C1083: Cannot open source file: '..\..\src\TDUGroupWin.cpp': No such file or directory
  TDUGlobalVariables.cpp
c1xx : fatal error C1083: Cannot open source file: '..\..\src\TDUGlobalVariables.cpp': No such file or directory
  TDUConfigWin.cpp
c1xx : fatal error C1083: Cannot open source file: '..\..\src\TDUConfigWin.cpp': No such file or directory
  TDUConfigWarningsWin.cpp
c1xx : fatal error C1083: Cannot open source file: '..\..\src\TDUConfigWarningsWin.cpp': No such file or directory
  TDUConfigLoginWin.cpp
c1xx : fatal error C1083: Cannot open source file: '..\..\src\TDUConfigLoginWin.cpp': No such file or directory
  TDUCargoWin.cpp
c1xx : fatal error C1083: Cannot open source file: '..\..\src\TDUCargoWin.cpp': No such file or directory
  TDUCalibrateScreen.cpp
c1xx : fatal error C1083: Cannot open source file: '..\..\src\TDUCalibrateScreen.cpp': No such file or directory
  Generating Code...
  Compiling...
  TDUCaldataWin.cpp
c1xx : fatal error C1083: Cannot open source file: '..\..\src\TDUCaldataWin.cpp': No such file or directory
  TDUButWin.cpp
c1xx : fatal error C1083: Cannot open source file: '..\..\src\TDUButWin.cpp': No such file or directory
  TDUBasicWin.cpp
c1xx : fatal error C1083: Cannot open source file: '..\..\src\TDUBasicWin.cpp': No such file or directory
  TDUBallastWin.cpp
c1xx : fatal error C1083: Cannot open source file: '..\..\src\TDUBallastWin.cpp': No such file or directory
  TDUAppWinSetup.cpp
c1xx : fatal error C1083: Cannot open source file: '..\..\src\TDUAppWinSetup.cpp': No such file or directory
  TDUAppSetupVoidSpace.cpp
c1xx : fatal error C1083: Cannot open source file: '..\..\src\TDUAppSetupVoidSpace.cpp': No such file or directory
  TDUAppSetupTemp.cpp
c1xx : fatal error C1083: Cannot open source file: '..\..\src\TDUAppSetupTemp.cpp': No such file or directory
  TDUAppSetupTankPress.cpp
c1xx : fatal error C1083: Cannot open source file: '..\..\src\TDUAppSetupTankPress.cpp': No such file or directory
  TDUAppSetupTankFarm.cpp
c1xx : fatal error C1083: Cannot open source file: '..\..\src\TDUAppSetupTankFarm.cpp': No such file or directory
  TDUAppSetupService.cpp
c1xx : fatal error C1083: Cannot open source file: '..\..\src\TDUAppSetupService.cpp': No such file or directory
  TDUAppSetupCargo.cpp
c1xx : fatal error C1083: Cannot open source file: '..\..\src\TDUAppSetupCargo.cpp': No such file or directory
  TDUAppSetupBallast.cpp
c1xx : fatal error C1083: Cannot open source file: '..\..\src\TDUAppSetupBallast.cpp': No such file or directory
  TDUAlarmWindow.cpp
c1xx : fatal error C1083: Cannot open source file: '..\..\src\TDUAlarmWindow.cpp': No such file or directory
  ConfigApp.cpp
c1xx : fatal error C1083: Cannot open source file: '..\..\src\ConfigApp.cpp': No such file or directory
  CloseWindowTimer.cpp
c1xx : fatal error C1083: Cannot open source file: '..\..\src\CloseWindowTimer.cpp': No such file or directory
  WinUart.cpp
c1xx : fatal error C1083: Cannot open source file: '..\..\..\Shared\Src\WinUart.cpp': No such file or directory
  TsnTable.Cpp
c1xx : fatal error C1083: Cannot open source file: '..\..\..\Shared\Src\TsnTable.Cpp': No such file or directory
  TankWashingMachineRunCollection.cpp
c1xx : fatal error C1083: Cannot open source file: '..\..\..\Shared\Src\TankWashingMachineRunCollection.cpp': No such file or directory
  TankWashingMachineRun.cpp
c1xx : fatal error C1083: Cannot open source file: '..\..\..\Shared\Src\TankWashingMachineRun.cpp': No such file or directory
  TankWashingMachineCollection.cpp
c1xx : fatal error C1083: Cannot open source file: '..\..\..\Shared\Src\TankWashingMachineCollection.cpp': No such file or directory
  Generating Code...
  Compiling...
  TankWashingMachine.cpp
c1xx : fatal error C1083: Cannot open source file: '..\..\..\Shared\Src\TankWashingMachine.cpp': No such file or directory
  TankWashingException.cpp
c1xx : fatal error C1083: Cannot open source file: '..\..\..\Shared\Src\TankWashingException.cpp': No such file or directory
  TankWashingCompoundLogObject.cpp
c1xx : fatal error C1083: Cannot open source file: '..\..\..\Shared\Src\TankWashingCompoundLogObject.cpp': No such file or directory
  TankWashingCleaningMedia.cpp
c1xx : fatal error C1083: Cannot open source file: '..\..\..\Shared\Src\TankWashingCleaningMedia.cpp': No such file or directory
  TankWashingCalcParameters.cpp
c1xx : fatal error C1083: Cannot open source file: '..\..\..\Shared\Src\TankWashingCalcParameters.cpp': No such file or directory
  TankWashingAPI.cpp
c1xx : fatal error C1083: Cannot open source file: '..\..\..\Shared\Src\TankWashingAPI.cpp': No such file or directory
  TSNUart.cpp
c1xx : fatal error C1083: Cannot open source file: '..\..\..\Shared\Src\TSNUart.cpp': No such file or directory
  TSNTimer.cpp
c1xx : fatal error C1083: Cannot open source file: '..\..\..\Shared\Src\TSNTimer.cpp': No such file or directory
  TSNTableCenterOfFlotation.Cpp
c1xx : fatal error C1083: Cannot open source file: '..\..\..\Shared\Src\TSNTableCenterOfFlotation.Cpp': No such file or directory
  TSNTable2Degree.Cpp
c1xx : fatal error C1083: Cannot open source file: '..\..\..\Shared\Src\TSNTable2Degree.Cpp': No such file or directory
  TSNTable1Degree.Cpp
c1xx : fatal error C1083: Cannot open source file: '..\..\..\Shared\Src\TSNTable1Degree.Cpp': No such file or directory
  TSNSaveSettings.cpp
c1xx : fatal error C1083: Cannot open source file: '..\..\..\Shared\Src\TSNSaveSettings.cpp': No such file or directory
  TSNMessageQ.cpp
c1xx : fatal error C1083: Cannot open source file: '..\..\..\Shared\Src\TSNMessageQ.cpp': No such file or directory
  TSNLanguageNorwegian.cpp
c1xx : fatal error C1083: Cannot open source file: '..\..\..\Shared\Src\TSNLanguageNorwegian.cpp': No such file or directory
  TSNLanguageGerman.cpp
c1xx : fatal error C1083: Cannot open source file: '..\..\..\Shared\Src\TSNLanguageGerman.cpp': No such file or directory
  TSNLanguageEnglish.cpp
c1xx : fatal error C1083: Cannot open source file: '..\..\..\Shared\Src\TSNLanguageEnglish.cpp': No such file or directory
  TSNLanguageDutch.cpp
c1xx : fatal error C1083: Cannot open source file: '..\..\..\Shared\Src\TSNLanguageDutch.cpp': No such file or directory
  TSNLanguage.cpp
c1xx : fatal error C1083: Cannot open source file: '..\..\..\Shared\Src\TSNLanguage.cpp': No such file or directory
  TSNGlobalVariables.cpp
c1xx : fatal error C1083: Cannot open source file: '..\..\..\Shared\Src\TSNGlobalVariables.cpp': No such file or directory
  TSNConfigUtilities.cpp
c1xx : fatal error C1083: Cannot open source file: '..\..\..\Shared\Src\TSNConfigUtilities.cpp': No such file or directory
  Generating Code...
  Compiling...
  TSNConfigInfo.cpp
c1xx : fatal error C1083: Cannot open source file: '..\..\..\Shared\Src\TSNConfigInfo.cpp': No such file or directory
  TSNAsyncsender.cpp
c1xx : fatal error C1083: Cannot open source file: '..\..\..\Shared\Src\TSNAsyncsender.cpp': No such file or directory
  TSNAsyncReceiver.cpp
c1xx : fatal error C1083: Cannot open source file: '..\..\..\Shared\Src\TSNAsyncReceiver.cpp': No such file or directory
  TPCxObject.cpp
c1xx : fatal error C1083: Cannot open source file: '..\..\..\Shared\Src\TPCxObject.cpp': No such file or directory
  TPCWindow350.cpp
c1xx : fatal error C1083: Cannot open source file: '..\..\..\Shared\Src\TPCWindow350.cpp': No such file or directory
  TPCWindow196.cpp
c1xx : fatal error C1083: Cannot open source file: '..\..\..\Shared\Src\TPCWindow196.cpp': No such file or directory
  TPCWindow140.cpp
c1xx : fatal error C1083: Cannot open source file: '..\..\..\Shared\Src\TPCWindow140.cpp': No such file or directory
  TPCWindow.cpp
c1xx : fatal error C1083: Cannot open source file: '..\..\..\Shared\Src\TPCWindow.cpp': No such file or directory
  TPCAlarmWindow.cpp
c1xx : fatal error C1083: Cannot open source file: '..\..\..\Shared\Src\TPCAlarmWindow.cpp': No such file or directory
  SignalConverter.cpp
c1xx : fatal error C1083: Cannot open source file: '..\..\..\Shared\Src\SignalConverter.cpp': No such file or directory
  SaabProtocol.cpp
c1xx : fatal error C1083: Cannot open source file: '..\..\..\Shared\Src\SaabProtocol.cpp': No such file or directory
  SCWaterIngress.cpp
c1xx : fatal error C1083: Cannot open source file: '..\..\..\Shared\Src\SCWaterIngress.cpp': No such file or directory
  SCADCard.cpp
c1xx : fatal error C1083: Cannot open source file: '..\..\..\Shared\Src\SCADCard.cpp': No such file or directory
  ReadConfig.cpp
c1xx : fatal error C1083: Cannot open source file: '..\..\..\Shared\Src\ReadConfig.cpp': No such file or directory
  PrintReport.cpp
c1xx : fatal error C1083: Cannot open source file: '..\..\..\Shared\Src\PrintReport.cpp': No such file or directory
  PRogramObjectBase.cpp
c1xx : fatal error C1083: Cannot open source file: '..\..\..\Shared\Src\PRogramObjectBase.cpp': No such file or directory
  PRogramObject.cpp
c1xx : fatal error C1083: Cannot open source file: '..\..\..\Shared\Src\PRogramObject.cpp': No such file or directory
  PROXRefObject.cpp
c1xx : fatal error C1083: Cannot open source file: '..\..\..\Shared\Src\PROXRefObject.cpp': No such file or directory
  PROWaterIngress.cpp
c1xx : fatal error C1083: Cannot open source file: '..\..\..\Shared\Src\PROWaterIngress.cpp': No such file or directory
  PROWaterHeater.cpp
c1xx : fatal error C1083: Cannot open source file: '..\..\..\Shared\Src\PROWaterHeater.cpp': No such file or directory
  Generating Code...
  Compiling...
  PROVoidSpace.cpp
c1xx : fatal error C1083: Cannot open source file: '..\..\..\Shared\Src\PROVoidSpace.cpp': No such file or directory
  PROUser.cpp
c1xx : fatal error C1083: Cannot open source file: '..\..\..\Shared\Src\PROUser.cpp': No such file or directory
  PROTemperature.cpp
c1xx : fatal error C1083: Cannot open source file: '..\..\..\Shared\Src\PROTemperature.cpp': No such file or directory
  PROTanksystemUnit.cpp
c1xx : fatal error C1083: Cannot open source file: '..\..\..\Shared\Src\PROTanksystemUnit.cpp': No such file or directory
  PROTankWashingMachine.cpp
c1xx : fatal error C1083: Cannot open source file: '..\..\..\Shared\Src\PROTankWashingMachine.cpp': No such file or directory
  PROTankSum.cpp
c1xx : fatal error C1083: Cannot open source file: '..\..\..\Shared\Src\PROTankSum.cpp': No such file or directory
  PROTankPressure.cpp
c1xx : fatal error C1083: Cannot open source file: '..\..\..\Shared\Src\PROTankPressure.cpp': No such file or directory
  PROTank.cpp
c1xx : fatal error C1083: Cannot open source file: '..\..\..\Shared\Src\PROTank.cpp': No such file or directory
  PROSystemData.Cpp
c1xx : fatal error C1083: Cannot open source file: '..\..\..\Shared\Src\PROSystemData.Cpp': No such file or directory
  PROServiceTank.cpp
c1xx : fatal error C1083: Cannot open source file: '..\..\..\Shared\Src\PROServiceTank.cpp': No such file or directory
  PROSafeLinkedList.cpp
c1xx : fatal error C1083: Cannot open source file: '..\..\..\Shared\Src\PROSafeLinkedList.cpp': No such file or directory
  PROProjectInfo.cpp
c1xx : fatal error C1083: Cannot open source file: '..\..\..\Shared\Src\PROProjectInfo.cpp': No such file or directory
  PROPrinter.cpp
c1xx : fatal error C1083: Cannot open source file: '..\..\..\Shared\Src\PROPrinter.cpp': No such file or directory
  PRONode.cpp
c1xx : fatal error C1083: Cannot open source file: '..\..\..\Shared\Src\PRONode.cpp': No such file or directory
  PROLinkedList.cpp
c1xx : fatal error C1083: Cannot open source file: '..\..\..\Shared\Src\PROLinkedList.cpp': No such file or directory
  PROLinePressure.cpp
c1xx : fatal error C1083: Cannot open source file: '..\..\..\Shared\Src\PROLinePressure.cpp': No such file or directory
  PROLevelSwitch.cpp
c1xx : fatal error C1083: Cannot open source file: '..\..\..\Shared\Src\PROLevelSwitch.cpp': No such file or directory
  PROInclinometer.cpp
c1xx : fatal error C1083: Cannot open source file: '..\..\..\Shared\Src\PROInclinometer.cpp': No such file or directory
  PROIOComponent.cpp
c1xx : fatal error C1083: Cannot open source file: '..\..\..\Shared\Src\PROIOComponent.cpp': No such file or directory
  PRODraftSystem.cpp
c1xx : fatal error C1083: Cannot open source file: '..\..\..\Shared\Src\PRODraftSystem.cpp': No such file or directory
  Generating Code...
  Compiling...
  PRODraft.cpp
c1xx : fatal error C1083: Cannot open source file: '..\..\..\Shared\Src\PRODraft.cpp': No such file or directory
  PROControl.cpp
c1xx : fatal error C1083: Cannot open source file: '..\..\..\Shared\Src\PROControl.cpp': No such file or directory
  PROCargoTank.cpp
c1xx : fatal error C1083: Cannot open source file: '..\..\..\Shared\Src\PROCargoTank.cpp': No such file or directory
  PROBallastTank.cpp
c1xx : fatal error C1083: Cannot open source file: '..\..\..\Shared\Src\PROBallastTank.cpp': No such file or directory
  PROAtmReference.cpp
c1xx : fatal error C1083: Cannot open source file: '..\..\..\Shared\Src\PROAtmReference.cpp': No such file or directory
  ModbusWago487RegisterIn.cpp
c1xx : fatal error C1083: Cannot open source file: '..\..\..\Shared\Src\ModbusWago487RegisterIn.cpp': No such file or directory
  ModbusWago485RegisterIn.cpp
c1xx : fatal error C1083: Cannot open source file: '..\..\..\Shared\Src\ModbusWago485RegisterIn.cpp': No such file or directory
  ModbusWago482RegisterIn.cpp
c1xx : fatal error C1083: Cannot open source file: '..\..\..\Shared\Src\ModbusWago482RegisterIn.cpp': No such file or directory
  ModbusWago479RegisterIn.cpp
c1xx : fatal error C1083: Cannot open source file: '..\..\..\Shared\Src\ModbusWago479RegisterIn.cpp': No such file or directory
  ModbusUnit.cpp
c1xx : fatal error C1083: Cannot open source file: '..\..\..\Shared\Src\ModbusUnit.cpp': No such file or directory
  ModbusRegisterOut.cpp
c1xx : fatal error C1083: Cannot open source file: '..\..\..\Shared\Src\ModbusRegisterOut.cpp': No such file or directory
  ModbusRegisterIn.cpp
c1xx : fatal error C1083: Cannot open source file: '..\..\..\Shared\Src\ModbusRegisterIn.cpp': No such file or directory
  ModbusRegisterHistory.cpp
c1xx : fatal error C1083: Cannot open source file: '..\..\..\Shared\Src\ModbusRegisterHistory.cpp': No such file or directory
  ModbusRegister.cpp
c1xx : fatal error C1083: Cannot open source file: '..\..\..\Shared\Src\ModbusRegister.cpp': No such file or directory
  ModbusPro.cpp
c1xx : fatal error C1083: Cannot open source file: '..\..\..\Shared\Src\ModbusPro.cpp': No such file or directory
  ModbusObject.cpp
c1xx : fatal error C1083: Cannot open source file: '..\..\..\Shared\Src\ModbusObject.cpp': No such file or directory
  ModbusCoilOut.cpp
c1xx : fatal error C1083: Cannot open source file: '..\..\..\Shared\Src\ModbusCoilOut.cpp': No such file or directory
  ModbusCoilIn.cpp
c1xx : fatal error C1083: Cannot open source file: '..\..\..\Shared\Src\ModbusCoilIn.cpp': No such file or directory
  ModbusCoilHistory.cpp
c1xx : fatal error C1083: Cannot open source file: '..\..\..\Shared\Src\ModbusCoilHistory.cpp': No such file or directory
  ModbusCoil.cpp
c1xx : fatal error C1083: Cannot open source file: '..\..\..\Shared\Src\ModbusCoil.cpp': No such file or directory
  Generating Code...
  Compiling...
  LoadReport.cpp
c1xx : fatal error C1083: Cannot open source file: '..\..\..\Shared\Src\LoadReport.cpp': No such file or directory
  LibrarianWriteData.cpp
c1xx : fatal error C1083: Cannot open source file: '..\..\..\Shared\Src\LibrarianWriteData.cpp': No such file or directory
  LibrarianShared.cpp
c1xx : fatal error C1083: Cannot open source file: '..\..\..\Shared\Src\LibrarianShared.cpp': No such file or directory
  LibrarianReadData.cpp
c1xx : fatal error C1083: Cannot open source file: '..\..\..\Shared\Src\LibrarianReadData.cpp': No such file or directory
  LibrarianMenuDefinitions.cpp
c1xx : fatal error C1083: Cannot open source file: '..\..\..\Shared\Src\LibrarianMenuDefinitions.cpp': No such file or directory
  InputResponseTimer.cpp
c1xx : fatal error C1083: Cannot open source file: '..\..\..\Shared\Src\InputResponseTimer.cpp': No such file or directory
  IOUnitZBAna.cpp
c1xx : fatal error C1083: Cannot open source file: '..\..\..\Shared\Src\IOUnitZBAna.cpp': No such file or directory
  IOUnitZB485.cpp
c1xx : fatal error C1083: Cannot open source file: '..\..\..\Shared\Src\IOUnitZB485.cpp': No such file or directory
  IOUnit.cpp
c1xx : fatal error C1083: Cannot open source file: '..\..\..\Shared\Src\IOUnit.cpp': No such file or directory
  IOSimulator.cpp
c1xx : fatal error C1083: Cannot open source file: '..\..\..\Shared\Src\IOSimulator.cpp': No such file or directory
  DigitalInput.cpp
c1xx : fatal error C1083: Cannot open source file: '..\..\..\Shared\Src\DigitalInput.cpp': No such file or directory
  CtrlLight.cpp
c1xx : fatal error C1083: Cannot open source file: '..\..\..\Shared\Src\CtrlLight.cpp': No such file or directory
  CtrlLamp.cpp
c1xx : fatal error C1083: Cannot open source file: '..\..\..\Shared\Src\CtrlLamp.cpp': No such file or directory
  CtrlHorn.cpp
c1xx : fatal error C1083: Cannot open source file: '..\..\..\Shared\Src\CtrlHorn.cpp': No such file or directory
  CtrlBuzzer.cpp
c1xx : fatal error C1083: Cannot open source file: '..\..\..\Shared\Src\CtrlBuzzer.cpp': No such file or directory
  CtrlAlarmRelay.cpp
c1xx : fatal error C1083: Cannot open source file: '..\..\..\Shared\Src\CtrlAlarmRelay.cpp': No such file or directory
  CargoTypeObject.cpp
c1xx : fatal error C1083: Cannot open source file: '..\..\..\Shared\Src\CargoTypeObject.cpp': No such file or directory
  CTOUser.cpp
c1xx : fatal error C1083: Cannot open source file: '..\..\..\Shared\Src\CTOUser.cpp': No such file or directory
  AnsiString.cpp
c1xx : fatal error C1083: Cannot open source file: '..\..\..\Shared\Src\AnsiString.cpp': No such file or directory
  Anpro3object.cpp
c1xx : fatal error C1083: Cannot open source file: '..\..\..\Shared\Src\Anpro3object.cpp': No such file or directory
  Generating Code...
  Compiling...
  Anpro10.cpp
c1xx : fatal error C1083: Cannot open source file: '..\..\..\Shared\Src\Anpro10.cpp': No such file or directory
  AnalogInput.cpp
c1xx : fatal error C1083: Cannot open source file: '..\..\..\Shared\Src\AnalogInput.cpp': No such file or directory
  AlarmmAmpShortCircuit.cpp
c1xx : fatal error C1083: Cannot open source file: '..\..\..\Shared\Src\AlarmmAmpShortCircuit.cpp': No such file or directory
  AlarmmAmpOpenLoop.cpp
c1xx : fatal error C1083: Cannot open source file: '..\..\..\Shared\Src\AlarmmAmpOpenLoop.cpp': No such file or directory
  AlarmWaterDetect.Cpp
c1xx : fatal error C1083: Cannot open source file: '..\..\..\Shared\Src\AlarmWaterDetect.Cpp': No such file or directory
  AlarmVoidSpace.Cpp
c1xx : fatal error C1083: Cannot open source file: '..\..\..\Shared\Src\AlarmVoidSpace.Cpp': No such file or directory
  AlarmTDUComFailure.cpp
c1xx : fatal error C1083: Cannot open source file: '..\..\..\Shared\Src\AlarmTDUComFailure.cpp': No such file or directory
  AlarmSensorConvError.cpp
c1xx : fatal error C1083: Cannot open source file: '..\..\..\Shared\Src\AlarmSensorConvError.cpp': No such file or directory
  AlarmSensorConCalError.cpp
c1xx : fatal error C1083: Cannot open source file: '..\..\..\Shared\Src\AlarmSensorConCalError.cpp': No such file or directory
  AlarmSCComFailure.cpp
c1xx : fatal error C1083: Cannot open source file: '..\..\..\Shared\Src\AlarmSCComFailure.cpp': No such file or directory
  AlarmPreWaterIngress.cpp
c1xx : fatal error C1083: Cannot open source file: '..\..\..\Shared\Src\AlarmPreWaterIngress.cpp': No such file or directory
  AlarmOverfill.Cpp
c1xx : fatal error C1083: Cannot open source file: '..\..\..\Shared\Src\AlarmOverfill.Cpp': No such file or directory
  AlarmModbusInCoil.cpp
c1xx : fatal error C1083: Cannot open source file: '..\..\..\Shared\Src\AlarmModbusInCoil.cpp': No such file or directory
  AlarmModbusComFailure.cpp
c1xx : fatal error C1083: Cannot open source file: '..\..\..\Shared\Src\AlarmModbusComFailure.cpp': No such file or directory
  AlarmMainWaterIngress.Cpp
c1xx : fatal error C1083: Cannot open source file: '..\..\..\Shared\Src\AlarmMainWaterIngress.Cpp': No such file or directory
  AlarmLowVoltage.Cpp
c1xx : fatal error C1083: Cannot open source file: '..\..\..\Shared\Src\AlarmLowVoltage.Cpp': No such file or directory
  AlarmLowTemp.Cpp
c1xx : fatal error C1083: Cannot open source file: '..\..\..\Shared\Src\AlarmLowTemp.Cpp': No such file or directory
  AlarmLowPressure.Cpp
c1xx : fatal error C1083: Cannot open source file: '..\..\..\Shared\Src\AlarmLowPressure.Cpp': No such file or directory
  AlarmLowLinePressure.Cpp
c1xx : fatal error C1083: Cannot open source file: '..\..\..\Shared\Src\AlarmLowLinePressure.Cpp': No such file or directory
  AlarmLowLevel.Cpp
c1xx : fatal error C1083: Cannot open source file: '..\..\..\Shared\Src\AlarmLowLevel.Cpp': No such file or directory
  Generating Code...
  Compiling...
  AlarmLevelSwitchTest.Cpp
c1xx : fatal error C1083: Cannot open source file: '..\..\..\Shared\Src\AlarmLevelSwitchTest.Cpp': No such file or directory
  AlarmLevelSwitchLight.Cpp
c1xx : fatal error C1083: Cannot open source file: '..\..\..\Shared\Src\AlarmLevelSwitchLight.Cpp': No such file or directory
  AlarmLevelSwitchFailure.Cpp
c1xx : fatal error C1083: Cannot open source file: '..\..\..\Shared\Src\AlarmLevelSwitchFailure.Cpp': No such file or directory
  AlarmLevelSwitchDead.Cpp
c1xx : fatal error C1083: Cannot open source file: '..\..\..\Shared\Src\AlarmLevelSwitchDead.Cpp': No such file or directory
  AlarmLevelSwitch.Cpp
c1xx : fatal error C1083: Cannot open source file: '..\..\..\Shared\Src\AlarmLevelSwitch.Cpp': No such file or directory
  AlarmLevelDifference.Cpp
c1xx : fatal error C1083: Cannot open source file: '..\..\..\Shared\Src\AlarmLevelDifference.Cpp': No such file or directory
  AlarmLevelChange.Cpp
c1xx : fatal error C1083: Cannot open source file: '..\..\..\Shared\Src\AlarmLevelChange.Cpp': No such file or directory
  AlarmIntLowPressure1.Cpp
c1xx : fatal error C1083: Cannot open source file: '..\..\..\Shared\Src\AlarmIntLowPressure1.Cpp': No such file or directory
  AlarmIntHighPressure1.Cpp
c1xx : fatal error C1083: Cannot open source file: '..\..\..\Shared\Src\AlarmIntHighPressure1.Cpp': No such file or directory
  AlarmIOComFailure.cpp
c1xx : fatal error C1083: Cannot open source file: '..\..\..\Shared\Src\AlarmIOComFailure.cpp': No such file or directory
  AlarmHighVoltage.Cpp
c1xx : fatal error C1083: Cannot open source file: '..\..\..\Shared\Src\AlarmHighVoltage.Cpp': No such file or directory
  AlarmHighTemp.Cpp
c1xx : fatal error C1083: Cannot open source file: '..\..\..\Shared\Src\AlarmHighTemp.Cpp': No such file or directory
  AlarmHighPressure.Cpp
c1xx : fatal error C1083: Cannot open source file: '..\..\..\Shared\Src\AlarmHighPressure.Cpp': No such file or directory
  AlarmHighLinePressure.Cpp
c1xx : fatal error C1083: Cannot open source file: '..\..\..\Shared\Src\AlarmHighLinePressure.Cpp': No such file or directory
  AlarmHighLevel.Cpp
c1xx : fatal error C1083: Cannot open source file: '..\..\..\Shared\Src\AlarmHighLevel.Cpp': No such file or directory
  AlarmHartSensorShortCircuit.cpp
c1xx : fatal error C1083: Cannot open source file: '..\..\..\Shared\Src\AlarmHartSensorShortCircuit.cpp': No such file or directory
  AlarmHartSensorOpenLoop.cpp
c1xx : fatal error C1083: Cannot open source file: '..\..\..\Shared\Src\AlarmHartSensorOpenLoop.cpp': No such file or directory
  AlarmHartSensorComError.cpp
c1xx : fatal error C1083: Cannot open source file: '..\..\..\Shared\Src\AlarmHartSensorComError.cpp': No such file or directory
  AlarmFuse.Cpp
c1xx : fatal error C1083: Cannot open source file: '..\..\..\Shared\Src\AlarmFuse.Cpp': No such file or directory
  AlarmCriticalComFailure.cpp
c1xx : fatal error C1083: Cannot open source file: '..\..\..\Shared\Src\AlarmCriticalComFailure.cpp': No such file or directory
  Generating Code...
  Compiling...
  AlarmBasic.cpp
c1xx : fatal error C1083: Cannot open source file: '..\..\..\Shared\Src\AlarmBasic.cpp': No such file or directory
  AlarmAtmOutOfRange.Cpp
c1xx : fatal error C1083: Cannot open source file: '..\..\..\Shared\Src\AlarmAtmOutOfRange.Cpp': No such file or directory
  AlarmAC_Voltage.Cpp
c1xx : fatal error C1083: Cannot open source file: '..\..\..\Shared\Src\AlarmAC_Voltage.Cpp': No such file or directory
  AiWashTrackSensor_mV.cpp
c1xx : fatal error C1083: Cannot open source file: '..\..\..\Shared\Src\AiWashTrackSensor_mV.cpp': No such file or directory
  API.Cpp
c1xx : fatal error C1083: Cannot open source file: '..\..\..\Shared\Src\API.Cpp': No such file or directory
  ANPRO10Object.cpp
c1xx : fatal error C1083: Cannot open source file: '..\..\..\Shared\Src\ANPRO10Object.cpp': No such file or directory
  ANPRO1.cpp
c1xx : fatal error C1083: Cannot open source file: '..\..\..\Shared\Src\ANPRO1.cpp': No such file or directory
  ANCriticalSection.cpp
c1xx : fatal error C1083: Cannot open source file: '..\..\..\Shared\Src\ANCriticalSection.cpp': No such file or directory
  AI_AC_Sensor.cpp
c1xx : fatal error C1083: Cannot open source file: '..\..\..\Shared\Src\AI_AC_Sensor.cpp': No such file or directory
  AIWaterIngressSensor.cpp
c1xx : fatal error C1083: Cannot open source file: '..\..\..\Shared\Src\AIWaterIngressSensor.cpp': No such file or directory
  AIWIngressTempSensor.cpp
c1xx : fatal error C1083: Cannot open source file: '..\..\..\Shared\Src\AIWIngressTempSensor.cpp': No such file or directory
  AIVoltageSensor.cpp
c1xx : fatal error C1083: Cannot open source file: '..\..\..\Shared\Src\AIVoltageSensor.cpp': No such file or directory
  AITempSensor_mA.cpp
c1xx : fatal error C1083: Cannot open source file: '..\..\..\Shared\Src\AITempSensor_mA.cpp': No such file or directory
  AITempSensor_Pt1000.cpp
c1xx : fatal error C1083: Cannot open source file: '..\..\..\Shared\Src\AITempSensor_Pt1000.cpp': No such file or directory
  AITempSensor_Pt100.cpp
c1xx : fatal error C1083: Cannot open source file: '..\..\..\Shared\Src\AITempSensor_Pt100.cpp': No such file or directory
  AITempSensor_AD590.cpp
c1xx : fatal error C1083: Cannot open source file: '..\..\..\Shared\Src\AITempSensor_AD590.cpp': No such file or directory
  AITempSensor.cpp
c1xx : fatal error C1083: Cannot open source file: '..\..\..\Shared\Src\AITempSensor.cpp': No such file or directory
  AIRadarSensor_mA.cpp
c1xx : fatal error C1083: Cannot open source file: '..\..\..\Shared\Src\AIRadarSensor_mA.cpp': No such file or directory
  AIRadarSensorHart.cpp
c1xx : fatal error C1083: Cannot open source file: '..\..\..\Shared\Src\AIRadarSensorHart.cpp': No such file or directory
  AIRadarSensor.cpp
c1xx : fatal error C1083: Cannot open source file: '..\..\..\Shared\Src\AIRadarSensor.cpp': No such file or directory
  Generating Code...
  Compiling...
  AIPressSensor_mV.cpp
c1xx : fatal error C1083: Cannot open source file: '..\..\..\Shared\Src\AIPressSensor_mV.cpp': No such file or directory
  AIPressSensor_mA.cpp
c1xx : fatal error C1083: Cannot open source file: '..\..\..\Shared\Src\AIPressSensor_mA.cpp': No such file or directory
  AIPressSensor.cpp
c1xx : fatal error C1083: Cannot open source file: '..\..\..\Shared\Src\AIPressSensor.cpp': No such file or directory
  AIMetriTapeSensor.cpp
c1xx : fatal error C1083: Cannot open source file: '..\..\..\Shared\Src\AIMetriTapeSensor.cpp': No such file or directory
  AILevelSwitch_mA.cpp
c1xx : fatal error C1083: Cannot open source file: '..\..\..\Shared\Src\AILevelSwitch_mA.cpp': No such file or directory
  AILevelSwitchVega.cpp
c1xx : fatal error C1083: Cannot open source file: '..\..\..\Shared\Src\AILevelSwitchVega.cpp': No such file or directory
  AILevelSwitchSensor_mV.cpp
c1xx : fatal error C1083: Cannot open source file: '..\..\..\Shared\Src\AILevelSwitchSensor_mV.cpp': No such file or directory
  AILevelSwitchOptical_mA.cpp
c1xx : fatal error C1083: Cannot open source file: '..\..\..\Shared\Src\AILevelSwitchOptical_mA.cpp': No such file or directory
  AILevelSensorAirPurge.cpp
c1xx : fatal error C1083: Cannot open source file: '..\..\..\Shared\Src\AILevelSensorAirPurge.cpp': No such file or directory
  AILNGFloat.cpp
c1xx : fatal error C1083: Cannot open source file: '..\..\..\Shared\Src\AILNGFloat.cpp': No such file or directory
  AIInclinometerN2.cpp
c1xx : fatal error C1083: Cannot open source file: '..\..\..\Shared\Src\AIInclinometerN2.cpp': No such file or directory
  AIInclinometer.cpp
c1xx : fatal error C1083: Cannot open source file: '..\..\..\Shared\Src\AIInclinometer.cpp': No such file or directory
  AIFuseSensor.cpp
c1xx : fatal error C1083: Cannot open source file: '..\..\..\Shared\Src\AIFuseSensor.cpp': No such file or directory
  AIFloatSensor_mA.cpp
c1xx : fatal error C1083: Cannot open source file: '..\..\..\Shared\Src\AIFloatSensor_mA.cpp': No such file or directory
  AIDiffPressSensor_mA.cpp
c1xx : fatal error C1083: Cannot open source file: '..\..\..\Shared\Src\AIDiffPressSensor_mA.cpp': No such file or directory
  AICoilInSensor.cpp
c1xx : fatal error C1083: Cannot open source file: '..\..\..\Shared\Src\AICoilInSensor.cpp': No such file or directory
  AIAtmPressSensor_mV.cpp
c1xx : fatal error C1083: Cannot open source file: '..\..\..\Shared\Src\AIAtmPressSensor_mV.cpp': No such file or directory
  AIAtmPressSensor_mA.cpp
c1xx : fatal error C1083: Cannot open source file: '..\..\..\Shared\Src\AIAtmPressSensor_mA.cpp': No such file or directory
  Generating Code...
