##############################################################################
#                                                                            #
# IAR ARM ANSI C/C++ Compiler V4.42A/W32               14/Sep/2022  15:13:26 #
# Copyright 1999-2005 IAR Systems. All rights reserved.                      #
#                                                                            #
#    Cpu mode        =  interwork                                            #
#    Endian          =  little                                               #
#    Stack alignment =  4                                                    #
#    Source file     =  D:\S2Prog\Shared\BMPfiles\ButtonTemperature.c        #
#    Command line    =  D:\S2Prog\Shared\BMPfiles\ButtonTemperature.c --fpu  #
#                       None -D OS_LIBMODE_SP -D CPU_S3C2410 -D              #
#                       OS_RAMVECT=0 -D OS_UART=-1 -D S2TXU -D USE_LZO=1 -D  #
#                       __ARM_LIBRARY__ -D WATCHDOG=1 -D NETWORK=1 -lCN      #
#                       D:\S2Prog\TXU\Debug\List\ -o                         #
#                       D:\S2Prog\TXU\Debug\Obj\ -z9 --debug --cpu_mode arm  #
#                       --endian little --cpu ARM920T --stack_align 4        #
#                       --interwork -e --enable_multibytes --dlib_config     #
#                       "C:\Program Files (x86)\IAR Systems\Embedded         #
#                       Workbench 4.0\arm\LIB\dl4tpainl8n.h" -I              #
#                       D:\S2Prog\TXU\GUI\CORE\ -I D:\S2Prog\TXU\GUI\WM\ -I  #
#                       D:\S2Prog\TXU\GUI\WIDGET\ -I D:\S2Prog\TXU\CONFIG\   #
#                       -I D:\S2Prog\TXU\INC\ -I D:\S2Prog\TXU\..\SHARED\INC #
#                       \ -I D:\S2Prog\TXU\..\SHARED\SRC\ -I                 #
#                       D:\S2Prog\TXU\..\SHARED\LZO\minilzo.210\ -I          #
#                       D:\S2Prog\TXU\lwip-1.4.1\src\include\ -I             #
#                       D:\S2Prog\TXU\lwip-1.4.1\src\include\ipv4\ -I        #
#                       D:\S2Prog\TXU\lwip-1.4.1\src\ -I                     #
#                       D:\S2Prog\TXU\..\SHARED\Database\ -I                 #
#                       D:\S2Prog\TXU\src\ -I "C:\Program Files (x86)\IAR    #
#                       Systems\Embedded Workbench 4.0\arm\INC\"             #
#                       --inline_threshold=2                                 #
#    List file       =  D:\S2Prog\TXU\Debug\List\ButtonTemperature.lst       #
#    Object file     =  D:\S2Prog\TXU\Debug\Obj\ButtonTemperature.r79        #
#                                                                            #
#                                                                            #
##############################################################################

D:\S2Prog\Shared\BMPfiles\ButtonTemperature.c
      1          /*
      2            C-file generated by Bitmap converter for emWin GSC V2.40, compiled Feb  6 2003, 09:35:53
      3          
      4            Copyright (C) 1998-2002
      5          	Segger Microcontroller Systeme GmbH
      6            www.segger.com
      7          
      8            Solutions for real time microcontroller applications
      9          
     10            Source file: ButtonTemperature
     11            Dimensions:  32 * 32
     12            NumColors:   16
     13          */
     14          
     15          #include "stdlib.h"
     16          
     17          #include "GUI.H"
     18          
     19          /*   Palette
     20          The following are the entries of the palette table.
     21          Every entry is a 32-bit value (of which 24 bits are actually used)
     22          the lower   8 bits represent the Red component,
     23          the middle  8 bits represent the Green component,
     24          the highest 8 bits (of the 24 bits used) represent the Blue component
     25          as follows:   0xBBGGRR
     26          */
     27          

   \                                 In segment DATA_C, align 4, align-sorted
     28          const GUI_COLOR ColorsButtonTemperature[] = {
   \                     ColorsButtonTemperature:
   \   00000000   FF00FF008000       DC32 16711935, 128, 32768, 32896, 8388608, 8388736, 8421376, 12632256
   \              000000800000
   \              808000000000
   \              800080008000
   \              00808000C0C0
   \              C000        
   \   00000020   80808000FF00       DC32 8421504, 255, 65280, 65535, 16711680, 0, 16776960, 16777215
   \              000000FF0000
   \              FFFF00000000
   \              FF0000000000
   \              00FFFF00FFFF
   \              FF00        
     29               0xFF00FF,0x000080,0x008000,0x008080
     30              ,0x800000,0x800080,0x808000,0xC0C0C0
     31              ,0x808080,0x0000FF,0x00FF00,0x00FFFF
     32              ,0xFF0000,0x000000,0xFFFF00,0xFFFFFF
     33          };
     34          

   \                                 In segment DATA_C, align 4, align-sorted
     35          const GUI_LOGPALETTE PalButtonTemperature = {
   \                     PalButtonTemperature:
   \   00000000   10000000           DC32 16
   \   00000004   01000000           DC8 1, 0, 0, 0
   \   00000008   ........           DC32 ColorsButtonTemperature
     36            16,	/* number of entries */
     37            1, 	/* Has transparency */
     38            &ColorsButtonTemperature[0]
     39          };
     40          

   \                                 In segment DATA_C, align 4, align-sorted
     41          const unsigned char acButtonTemperature[] = {
   \                     acButtonTemperature:
   \   00000000   000000000000       DC8 0, 0, 0, 0, 0, 0, 0, 0, 0, 0, 0, 0, 0, 0, 0, 0, 0, 0, 0, 0, 0, 0, 0
   \              000000000000
   \              000000000000
   \              0000000000  
   \   00000017   000000000000       DC8 0, 0, 0, 0, 0, 0, 0, 0, 0, 0, 0, 0, 0, 0, 0, 0, 13, 208, 0, 0, 0, 0
   \              000000000000
   \              000000000DD0
   \              00000000    
   \   0000002D   000000000000       DC8 0, 0, 0, 0, 0, 0, 0, 0, 0, 0, 219, 189, 0, 0, 0, 0, 0, 0, 0, 0, 0
   \              00000000DBBD
   \              000000000000
   \              000000      
   \   00000042   0000000000D9       DC8 0, 0, 0, 0, 0, 217, 157, 221, 221, 0, 0, 0, 0, 0, 0, 0, 0, 0, 0, 0
   \              9DDDDD000000
   \              000000000000
   \              0000        
   \   00000056   00D99D000000       DC8 0, 217, 157, 0, 0, 0, 0, 0, 0, 0, 0, 0, 0, 0, 0, 0, 0, 217, 189, 0
   \              000000000000
   \              0000000000D9
   \              BD00        
   \   0000006A   000000000000       DC8 0, 0, 0, 0, 0, 0, 0, 0, 0, 0, 0, 0, 0, 219, 157, 0, 0, 0, 0, 0, 0
   \              000000000000
   \              00DB9D000000
   \              000000      
   \   0000007F   000000000000       DC8 0, 0, 0, 0, 0, 0, 0, 0, 217, 157, 221, 0, 0, 0, 0, 0, 0, 0, 0, 0, 0
   \              0000D99DDD00
   \              000000000000
   \              000000      
   \   00000094   000000D9BD00       DC8 0, 0, 0, 217, 189, 0, 0, 0, 0, 0, 0, 0, 0, 0, 0, 0, 0, 0, 0, 219
   \              000000000000
   \              000000000000
   \              00DB        
   \   000000A8   9D0000000000       DC8 157, 0, 0, 0, 0, 0, 0, 0, 0, 0, 0, 0, 0, 0, 0, 217, 157, 0, 0, 0, 0
   \              000000000000
   \              000000D99D00
   \              000000      
   \   000000BD   000000000000       DC8 0, 0, 0, 0, 0, 0, 0, 0, 0, 0, 222, 205, 221, 221, 0, 0, 0, 0, 0, 0
   \              00000000DECD
   \              DDDD00000000
   \              0000        
   \   000000D1   000000000000       DC8 0, 0, 0, 0, 0, 0, 220, 237, 0, 0, 0, 0, 0, 0, 0, 0, 0, 0, 0, 0, 0
   \              DCED00000000
   \              000000000000
   \              000000      
   \   000000E6   00DCED000000       DC8 0, 220, 237, 0, 0, 0, 0, 0, 0, 0, 0, 0, 0, 0, 0, 0, 0, 222, 205, 0
   \              000000000000
   \              0000000000DE
   \              CD00        
   \   000000FA   000000000000       DC8 0, 0, 0, 0, 0, 0, 0, 0, 0, 0, 0, 0, 0, 222, 237, 221, 0, 0, 0, 0, 0
   \              000000000000
   \              00DEEDDD0000
   \              000000      
   \   0000010F   000000000000       DC8 0, 0, 0, 0, 0, 0, 0, 0, 222, 205, 0, 0, 0, 0, 0, 0, 0, 0, 0, 0, 0
   \              0000DECD0000
   \              000000000000
   \              000000      
   \   00000124   000000DCED00       DC8 0, 0, 0, 220, 237, 0, 0, 0, 0, 0, 0, 0, 0, 0, 0, 0, 0, 0, 0, 222
   \              000000000000
   \              000000000000
   \              00DE        
   \   00000138   ED0000000000       DC8 237, 0, 0, 0, 0, 0, 0, 0, 0, 0, 0, 0, 0, 0, 0, 220, 237, 221, 221
   \              000000000000
   \              000000DCEDDD
   \              DD          
   \   0000014B   000000000000       DC8 0, 0, 0, 0, 0, 0, 0, 0, 0, 0, 0, 0, 222, 237, 0, 0, 0, 0, 0, 0, 0
   \              000000000000
   \              DEED00000000
   \              000000      
   \   00000160   000000000000       DC8 0, 0, 0, 0, 0, 0, 0, 222, 205, 0, 0, 0, 0, 0, 0, 0, 0, 0, 0, 0, 0
   \              00DECD000000
   \              000000000000
   \              000000      
   \   00000175   0000DEED0000       DC8 0, 0, 222, 237, 0, 0, 0, 0, 0, 0, 0, 0, 0, 0, 0, 0, 0, 13, 220, 237
   \              000000000000
   \              00000000000D
   \              DCED        
   \   00000189   D00000000000       DC8 208, 0, 0, 0, 0, 0, 0, 0, 0, 0, 0, 0, 0, 13, 238, 206, 208, 0, 0, 0
   \              000000000000
   \              000DEECED000
   \              0000        
   \   0000019D   000000000000       DC8 0, 0, 0, 0, 0, 0, 0, 0, 0, 222, 204, 206, 205, 0, 0, 0, 0, 0, 0, 0
   \              000000DECCCE
   \              CD0000000000
   \              0000        
   \   000001B1   0000000000DE       DC8 0, 0, 0, 0, 0, 222, 238, 236, 237, 0, 0, 0, 0, 0, 0, 0, 0, 0, 0, 0
   \              EEECED000000
   \              000000000000
   \              0000        
   \   000001C5   000DECCED000       DC8 0, 13, 236, 206, 208, 0, 0, 0, 0, 0, 0, 0, 0, 0, 0, 0, 0, 13, 222
   \              000000000000
   \              00000000000D
   \              DE          
   \   000001D8   CDD000000000       DC8 205, 208, 0, 0, 0, 0, 0, 0, 0, 0, 0, 0, 0, 0, 0, 13, 208, 0, 0, 0
   \              000000000000
   \              0000000DD000
   \              0000        
   \   000001EC   000000000000       DC8 0, 0, 0, 0, 0, 0, 0, 0, 0, 0, 0, 0, 0, 0, 0, 0, 0, 0, 0, 0
   \              000000000000
   \              000000000000
   \              0000        
     42            0x00, 0x00, 0x00, 0x00, 0x00, 0x00, 0x00, 0x00, 0x00, 0x00, 0x00, 0x00, 0x00, 0x00, 0x00, 0x00,
     43            0x00, 0x00, 0x00, 0x00, 0x00, 0x00, 0x00, 0x00, 0x00, 0x00, 0x00, 0x00, 0x00, 0x00, 0x00, 0x00,
     44            0x00, 0x00, 0x00, 0x00, 0x00, 0x00, 0x00, 0x0D, 0xD0, 0x00, 0x00, 0x00, 0x00, 0x00, 0x00, 0x00,
     45            0x00, 0x00, 0x00, 0x00, 0x00, 0x00, 0x00, 0xDB, 0xBD, 0x00, 0x00, 0x00, 0x00, 0x00, 0x00, 0x00,
     46            0x00, 0x00, 0x00, 0x00, 0x00, 0x00, 0x00, 0xD9, 0x9D, 0xDD, 0xDD, 0x00, 0x00, 0x00, 0x00, 0x00,
     47            0x00, 0x00, 0x00, 0x00, 0x00, 0x00, 0x00, 0xD9, 0x9D, 0x00, 0x00, 0x00, 0x00, 0x00, 0x00, 0x00,
     48            0x00, 0x00, 0x00, 0x00, 0x00, 0x00, 0x00, 0xD9, 0xBD, 0x00, 0x00, 0x00, 0x00, 0x00, 0x00, 0x00,
     49            0x00, 0x00, 0x00, 0x00, 0x00, 0x00, 0x00, 0xDB, 0x9D, 0x00, 0x00, 0x00, 0x00, 0x00, 0x00, 0x00,
     50            0x00, 0x00, 0x00, 0x00, 0x00, 0x00, 0x00, 0xD9, 0x9D, 0xDD, 0x00, 0x00, 0x00, 0x00, 0x00, 0x00,
     51            0x00, 0x00, 0x00, 0x00, 0x00, 0x00, 0x00, 0xD9, 0xBD, 0x00, 0x00, 0x00, 0x00, 0x00, 0x00, 0x00,
     52            0x00, 0x00, 0x00, 0x00, 0x00, 0x00, 0x00, 0xDB, 0x9D, 0x00, 0x00, 0x00, 0x00, 0x00, 0x00, 0x00,
     53            0x00, 0x00, 0x00, 0x00, 0x00, 0x00, 0x00, 0xD9, 0x9D, 0x00, 0x00, 0x00, 0x00, 0x00, 0x00, 0x00,
     54            0x00, 0x00, 0x00, 0x00, 0x00, 0x00, 0x00, 0xDE, 0xCD, 0xDD, 0xDD, 0x00, 0x00, 0x00, 0x00, 0x00,
     55            0x00, 0x00, 0x00, 0x00, 0x00, 0x00, 0x00, 0xDC, 0xED, 0x00, 0x00, 0x00, 0x00, 0x00, 0x00, 0x00,
     56            0x00, 0x00, 0x00, 0x00, 0x00, 0x00, 0x00, 0xDC, 0xED, 0x00, 0x00, 0x00, 0x00, 0x00, 0x00, 0x00,
     57            0x00, 0x00, 0x00, 0x00, 0x00, 0x00, 0x00, 0xDE, 0xCD, 0x00, 0x00, 0x00, 0x00, 0x00, 0x00, 0x00,
     58            0x00, 0x00, 0x00, 0x00, 0x00, 0x00, 0x00, 0xDE, 0xED, 0xDD, 0x00, 0x00, 0x00, 0x00, 0x00, 0x00,
     59            0x00, 0x00, 0x00, 0x00, 0x00, 0x00, 0x00, 0xDE, 0xCD, 0x00, 0x00, 0x00, 0x00, 0x00, 0x00, 0x00,
     60            0x00, 0x00, 0x00, 0x00, 0x00, 0x00, 0x00, 0xDC, 0xED, 0x00, 0x00, 0x00, 0x00, 0x00, 0x00, 0x00,
     61            0x00, 0x00, 0x00, 0x00, 0x00, 0x00, 0x00, 0xDE, 0xED, 0x00, 0x00, 0x00, 0x00, 0x00, 0x00, 0x00,
     62            0x00, 0x00, 0x00, 0x00, 0x00, 0x00, 0x00, 0xDC, 0xED, 0xDD, 0xDD, 0x00, 0x00, 0x00, 0x00, 0x00,
     63            0x00, 0x00, 0x00, 0x00, 0x00, 0x00, 0x00, 0xDE, 0xED, 0x00, 0x00, 0x00, 0x00, 0x00, 0x00, 0x00,
     64            0x00, 0x00, 0x00, 0x00, 0x00, 0x00, 0x00, 0xDE, 0xCD, 0x00, 0x00, 0x00, 0x00, 0x00, 0x00, 0x00,
     65            0x00, 0x00, 0x00, 0x00, 0x00, 0x00, 0x00, 0xDE, 0xED, 0x00, 0x00, 0x00, 0x00, 0x00, 0x00, 0x00,
     66            0x00, 0x00, 0x00, 0x00, 0x00, 0x00, 0x0D, 0xDC, 0xED, 0xD0, 0x00, 0x00, 0x00, 0x00, 0x00, 0x00,
     67            0x00, 0x00, 0x00, 0x00, 0x00, 0x00, 0x0D, 0xEE, 0xCE, 0xD0, 0x00, 0x00, 0x00, 0x00, 0x00, 0x00,
     68            0x00, 0x00, 0x00, 0x00, 0x00, 0x00, 0xDE, 0xCC, 0xCE, 0xCD, 0x00, 0x00, 0x00, 0x00, 0x00, 0x00,
     69            0x00, 0x00, 0x00, 0x00, 0x00, 0x00, 0xDE, 0xEE, 0xEC, 0xED, 0x00, 0x00, 0x00, 0x00, 0x00, 0x00,
     70            0x00, 0x00, 0x00, 0x00, 0x00, 0x00, 0x0D, 0xEC, 0xCE, 0xD0, 0x00, 0x00, 0x00, 0x00, 0x00, 0x00,
     71            0x00, 0x00, 0x00, 0x00, 0x00, 0x00, 0x0D, 0xDE, 0xCD, 0xD0, 0x00, 0x00, 0x00, 0x00, 0x00, 0x00,
     72            0x00, 0x00, 0x00, 0x00, 0x00, 0x00, 0x00, 0x0D, 0xD0, 0x00, 0x00, 0x00, 0x00, 0x00, 0x00, 0x00,
     73            0x00, 0x00, 0x00, 0x00, 0x00, 0x00, 0x00, 0x00, 0x00, 0x00, 0x00, 0x00, 0x00, 0x00, 0x00, 0x00
     74          };
     75          

   \                                 In segment DATA_C, align 4, align-sorted
     76          const GUI_BITMAP bmButtonTemperature = {
   \                     bmButtonTemperature:
   \   00000000   200020001000       DC16 32, 32, 16, 4
   \              0400        
   \   00000008   ............       DC32 acButtonTemperature, PalButtonTemperature
   \              ....        
   \   00000010   00000000           DC8 0, 0, 0, 0
     77           32, /* XSize */
     78           32, /* YSize */
     79           16, /* BytesPerLine */
     80           4, /* BitsPerPixel */
     81           acButtonTemperature,  /* Pointer to picture data (indices) */
     82           &PalButtonTemperature  /* Pointer to palette */
     83          };
     84          
     85          /* *** End of file *** */


   Segment part sizes:

     Function/Label          Bytes
     --------------          -----
     ColorsButtonTemperature   64
     PalButtonTemperature      12
     acButtonTemperature      512
     bmButtonTemperature       20

 
 608 bytes in segment DATA_C
 
 608 bytes of CONST memory

Errors: none
Warnings: none
