##############################################################################
#                                                                            #
# IAR ARM ANSI C/C++ Compiler V4.42A/W32               14/Sep/2022  15:13:25 #
# Copyright 1999-2005 IAR Systems. All rights reserved.                      #
#                                                                            #
#    Cpu mode        =  interwork                                            #
#    Endian          =  little                                               #
#    Stack alignment =  4                                                    #
#    Source file     =  D:\S2Prog\Shared\BMPfiles\ButtonCargo.c              #
#    Command line    =  D:\S2Prog\Shared\BMPfiles\ButtonCargo.c --fpu None   #
#                       -D OS_LIBMODE_SP -D CPU_S3C2410 -D OS_RAMVECT=0 -D   #
#                       OS_UART=-1 -D S2TXU -D USE_LZO=1 -D __ARM_LIBRARY__  #
#                       -D WATCHDOG=1 -D NETWORK=1 -lCN                      #
#                       D:\S2Prog\TXU\Debug\List\ -o                         #
#                       D:\S2Prog\TXU\Debug\Obj\ -z9 --debug --cpu_mode arm  #
#                       --endian little --cpu ARM920T --stack_align 4        #
#                       --interwork -e --enable_multibytes --dlib_config     #
#                       "C:\Program Files (x86)\IAR Systems\Embedded         #
#                       Workbench 4.0\arm\LIB\dl4tpainl8n.h" -I              #
#                       D:\S2Prog\TXU\GUI\CORE\ -I D:\S2Prog\TXU\GUI\WM\ -I  #
#                       D:\S2Prog\TXU\GUI\WIDGET\ -I D:\S2Prog\TXU\CONFIG\   #
#                       -I D:\S2Prog\TXU\INC\ -I D:\S2Prog\TXU\..\SHARED\INC #
#                       \ -I D:\S2Prog\TXU\..\SHARED\SRC\ -I                 #
#                       D:\S2Prog\TXU\..\SHARED\LZO\minilzo.210\ -I          #
#                       D:\S2Prog\TXU\lwip-1.4.1\src\include\ -I             #
#                       D:\S2Prog\TXU\lwip-1.4.1\src\include\ipv4\ -I        #
#                       D:\S2Prog\TXU\lwip-1.4.1\src\ -I                     #
#                       D:\S2Prog\TXU\..\SHARED\Database\ -I                 #
#                       D:\S2Prog\TXU\src\ -I "C:\Program Files (x86)\IAR    #
#                       Systems\Embedded Workbench 4.0\arm\INC\"             #
#                       --inline_threshold=2                                 #
#    List file       =  D:\S2Prog\TXU\Debug\List\ButtonCargo.lst             #
#    Object file     =  D:\S2Prog\TXU\Debug\Obj\ButtonCargo.r79              #
#                                                                            #
#                                                                            #
##############################################################################

D:\S2Prog\Shared\BMPfiles\ButtonCargo.c
      1          /*
      2            C-file generated by Bitmap converter for emWin GSC V2.40, compiled Feb  6 2003, 09:35:53
      3          
      4            Copyright (C) 1998-2002
      5             Segger Microcontroller Systeme GmbH
      6            www.segger.com
      7          
      8            Solutions for real time microcontroller applications
      9          
     10            Source file: ButtonCargo
     11            Dimensions:  32 * 32
     12            NumColors:   16
     13          */
     14          
     15          #include "stdlib.h"
     16          
     17          #include "GUI.H"
     18          
     19          /*   Palette
     20          The following are the entries of the palette table.
     21          Every entry is a 32-bit value (of which 24 bits are actually used)
     22          the lower   8 bits represent the Red component,
     23          the middle  8 bits represent the Green component,
     24          the highest 8 bits (of the 24 bits used) represent the Blue component
     25          as follows:   0xBBGGRR
     26          */
     27          

   \                                 In segment DATA_C, align 4, align-sorted
     28          const GUI_COLOR ColorsButtonCargo[] = {
   \                     ColorsButtonCargo:
   \   00000000   FF00FF008000       DC32 16711935, 128, 32768, 32896, 8388608, 8388736, 8421376, 12632256
   \              000000800000
   \              808000000000
   \              800080008000
   \              00808000C0C0
   \              C000        
   \   00000020   80808000FF00       DC32 8421504, 255, 65280, 65535, 16711680, 0, 16776960, 16777215
   \              000000FF0000
   \              FFFF00000000
   \              FF0000000000
   \              00FFFF00FFFF
   \              FF00        
     29               0xFF00FF,0x000080,0x008000,0x008080
     30              ,0x800000,0x800080,0x808000,0xC0C0C0
     31              ,0x808080,0x0000FF,0x00FF00,0x00FFFF
     32              ,0xFF0000,0x000000,0xFFFF00,0xFFFFFF
     33          };
     34          

   \                                 In segment DATA_C, align 4, align-sorted
     35          const GUI_LOGPALETTE PalButtonCargo = {
   \                     PalButtonCargo:
   \   00000000   10000000           DC32 16
   \   00000004   01000000           DC8 1, 0, 0, 0
   \   00000008   ........           DC32 ColorsButtonCargo
     36            16,	/* number of entries */
     37            1, 	/* Has transparency */
     38            &ColorsButtonCargo[0]
     39          };
     40          

   \                                 In segment DATA_C, align 4, align-sorted
     41          const unsigned char acButtonCargo[] = {
   \                     acButtonCargo:
   \   00000000   000000000000       DC8 0, 0, 0, 0, 0, 0, 0, 0, 0, 0, 0, 0, 0, 0, 0, 0, 0, 0, 0, 0, 0, 0, 0
   \              000000000000
   \              000000000000
   \              0000000000  
   \   00000017   000000000000       DC8 0, 0, 0, 0, 0, 0, 0, 0, 0, 0, 0, 0, 0, 0, 0, 0, 0, 0, 0, 0, 0, 0, 0
   \              000000000000
   \              000000000000
   \              0000000000  
   \   0000002E   000000000000       DC8 0, 0, 0, 0, 0, 0, 0, 0, 0, 0, 0, 0, 0, 0, 0, 0, 0, 0, 0, 0, 0, 0, 0
   \              000000000000
   \              000000000000
   \              0000000000  
   \   00000045   DDDDDDDDDDDD       DC8 221, 221, 221, 221, 221, 221, 208, 0, 0, 0, 0, 0, 0, 221, 221, 221
   \              D00000000000
   \              00DDDDDD    
   \   00000055   DFFFFFFFFFFF       DC8 223, 255, 255, 255, 255, 255, 221, 221, 221, 208, 0, 0, 0, 223, 255
   \              DDDDDDD00000
   \              00DFFF      
   \   00000064   DFFFFFFFFFFF       DC8 223, 255, 255, 255, 255, 255, 255, 255, 223, 255, 208, 0, 0, 0, 223
   \              FFFFDFFFD000
   \              0000DF      
   \   00000073   FFDFFFFFFFFF       DC8 255, 223, 255, 255, 255, 255, 255, 255, 255, 223, 255, 208, 0, 0, 0
   \              FFFFFFDFFFD0
   \              000000      
   \   00000082   DFFFDFFFFFFF       DC8 223, 255, 223, 255, 255, 255, 255, 255, 255, 255, 223, 255, 208, 0
   \              FFFFFFFFDFFF
   \              D000        
   \   00000090   0000DFFFDCCC       DC8 0, 0, 223, 255, 220, 204, 204, 204, 204, 204, 204, 204, 223, 255
   \              CCCCCCCCCCCC
   \              DFFF        
   \   0000009E   D0000000DFFF       DC8 208, 0, 0, 0, 223, 255, 220, 204, 204, 204, 204, 204, 204, 204, 223
   \              DCCCCCCCCCCC
   \              CCCCDF      
   \   000000AD   FFD0000000DF       DC8 255, 208, 0, 0, 0, 223, 255, 220, 204, 204, 204, 204, 204, 204, 204
   \              FFDCCCCCCCCC
   \              CCCCCC      
   \   000000BC   DFFFD0000000       DC8 223, 255, 208, 0, 0, 0, 223, 255, 220, 204, 204, 204, 204, 204, 204
   \              DFFFDCCCCCCC
   \              CCCCCC      
   \   000000CB   CCDFFFD00000       DC8 204, 223, 255, 208, 0, 0, 0, 223, 255, 220, 204, 204, 204, 204, 204
   \              00DFFFDCCCCC
   \              CCCCCC      
   \   000000DA   CCCCDFFFD000       DC8 204, 204, 223, 255, 208, 0, 0, 0, 223, 255, 220, 204, 204, 204, 204
   \              0000DFFFDCCC
   \              CCCCCC      
   \   000000E9   CCCCCCDFFFD0       DC8 204, 204, 204, 223, 255, 208, 0, 0, 0, 223, 255, 220, 204, 204, 204
   \              000000DFFFDC
   \              CCCCCC      
   \   000000F8   CCCCCCCCDFFF       DC8 204, 204, 204, 204, 223, 255, 208, 0, 0, 0, 223, 255, 220, 204, 204
   \              D0000000DFFF
   \              DCCCCC      
   \   00000107   CCCCCCCCCCDF       DC8 204, 204, 204, 204, 204, 223, 255, 208, 0, 0, 0, 223, 255, 220, 204
   \              FFD0000000DF
   \              FFDCCC      
   \   00000116   CCCCCCCCCCCC       DC8 204, 204, 204, 204, 204, 204, 223, 255, 208, 0, 0, 0, 223, 255, 220
   \              DFFFD0000000
   \              DFFFDC      
   \   00000125   CCCCCCCCCCCC       DC8 204, 204, 204, 204, 204, 204, 204, 223, 255, 208, 0, 0, 0, 223, 255
   \              CCDFFFD00000
   \              00DFFF      
   \   00000134   DCCCCCCCCCCC       DC8 220, 204, 204, 204, 204, 204, 204, 204, 223, 255, 208, 0, 0, 0, 223
   \              CCCCDFFFD000
   \              0000DF      
   \   00000143   FFDCCCCCCCCC       DC8 255, 220, 204, 204, 204, 204, 204, 204, 204, 223, 255, 208, 0, 0, 0
   \              CCCCCCDFFFD0
   \              000000      
   \   00000152   DFFFDCCCCCCC       DC8 223, 255, 220, 204, 204, 204, 204, 204, 204, 204, 223, 255, 208, 0
   \              CCCCCCCCDFFF
   \              D000        
   \   00000160   0000DFFFDCCC       DC8 0, 0, 223, 255, 220, 204, 204, 204, 204, 204, 204, 204, 223, 255
   \              CCCCCCCCCCCC
   \              DFFF        
   \   0000016E   D0000000DFFF       DC8 208, 0, 0, 0, 223, 255, 221, 221, 221, 221, 221, 221, 221, 221, 223
   \              DDDDDDDDDDDD
   \              DDDDDF      
   \   0000017D   FFD0000000DD       DC8 255, 208, 0, 0, 0, 221, 255, 255, 255, 255, 255, 223, 255, 255, 255
   \              FFFFFFFFFFDF
   \              FFFFFF      
   \   0000018C   FFFDD0000000       DC8 255, 253, 208, 0, 0, 0, 13, 223, 255, 255, 255, 255, 223, 255, 255
   \              0DDFFFFFFFFF
   \              DFFFFF      
   \   0000019B   FFFFDD000000       DC8 255, 255, 221, 0, 0, 0, 0, 0, 221, 221, 221, 221, 221, 221, 221
   \              0000DDDDDDDD
   \              DDDDDD      
   \   000001AA   DDDDDDD00000       DC8 221, 221, 221, 208, 0, 0, 0, 0, 0, 0, 0, 0, 0, 0, 0, 0, 0, 0, 0, 0
   \              000000000000
   \              000000000000
   \              0000        
   \   000001BE   000000000000       DC8 0, 0, 0, 0, 0, 0, 0, 0, 0, 0, 0, 0, 0, 0, 0, 0, 0, 0, 0, 0, 0, 0, 0
   \              000000000000
   \              000000000000
   \              0000000000  
   \   000001D5   000000000000       DC8 0, 0, 0, 0, 0, 0, 0, 0, 0, 0, 0, 0, 0, 0, 0, 0, 0, 0, 0, 0, 0, 0, 0
   \              000000000000
   \              000000000000
   \              0000000000  
   \   000001EC   000000000000       DC8 0, 0, 0, 0, 0, 0, 0, 0, 0, 0, 0, 0, 0, 0, 0, 0, 0, 0, 0, 0
   \              000000000000
   \              000000000000
   \              0000        
     42            0x00, 0x00, 0x00, 0x00, 0x00, 0x00, 0x00, 0x00, 0x00, 0x00, 0x00, 0x00, 0x00, 0x00, 0x00, 0x00,
     43            0x00, 0x00, 0x00, 0x00, 0x00, 0x00, 0x00, 0x00, 0x00, 0x00, 0x00, 0x00, 0x00, 0x00, 0x00, 0x00,
     44            0x00, 0x00, 0x00, 0x00, 0x00, 0x00, 0x00, 0x00, 0x00, 0x00, 0x00, 0x00, 0x00, 0x00, 0x00, 0x00,
     45            0x00, 0x00, 0x00, 0x00, 0x00, 0x00, 0x00, 0x00, 0x00, 0x00, 0x00, 0x00, 0x00, 0x00, 0x00, 0x00,
     46            0x00, 0x00, 0x00, 0x00, 0x00, 0xDD, 0xDD, 0xDD, 0xDD, 0xDD, 0xDD, 0xD0, 0x00, 0x00, 0x00, 0x00,
     47            0x00, 0x00, 0xDD, 0xDD, 0xDD, 0xDF, 0xFF, 0xFF, 0xFF, 0xFF, 0xFF, 0xDD, 0xDD, 0xDD, 0xD0, 0x00,
     48            0x00, 0x00, 0xDF, 0xFF, 0xDF, 0xFF, 0xFF, 0xFF, 0xFF, 0xFF, 0xFF, 0xFF, 0xDF, 0xFF, 0xD0, 0x00,
     49            0x00, 0x00, 0xDF, 0xFF, 0xDF, 0xFF, 0xFF, 0xFF, 0xFF, 0xFF, 0xFF, 0xFF, 0xDF, 0xFF, 0xD0, 0x00,
     50            0x00, 0x00, 0xDF, 0xFF, 0xDF, 0xFF, 0xFF, 0xFF, 0xFF, 0xFF, 0xFF, 0xFF, 0xDF, 0xFF, 0xD0, 0x00,
     51            0x00, 0x00, 0xDF, 0xFF, 0xDC, 0xCC, 0xCC, 0xCC, 0xCC, 0xCC, 0xCC, 0xCC, 0xDF, 0xFF, 0xD0, 0x00,
     52            0x00, 0x00, 0xDF, 0xFF, 0xDC, 0xCC, 0xCC, 0xCC, 0xCC, 0xCC, 0xCC, 0xCC, 0xDF, 0xFF, 0xD0, 0x00,
     53            0x00, 0x00, 0xDF, 0xFF, 0xDC, 0xCC, 0xCC, 0xCC, 0xCC, 0xCC, 0xCC, 0xCC, 0xDF, 0xFF, 0xD0, 0x00,
     54            0x00, 0x00, 0xDF, 0xFF, 0xDC, 0xCC, 0xCC, 0xCC, 0xCC, 0xCC, 0xCC, 0xCC, 0xDF, 0xFF, 0xD0, 0x00,
     55            0x00, 0x00, 0xDF, 0xFF, 0xDC, 0xCC, 0xCC, 0xCC, 0xCC, 0xCC, 0xCC, 0xCC, 0xDF, 0xFF, 0xD0, 0x00,
     56            0x00, 0x00, 0xDF, 0xFF, 0xDC, 0xCC, 0xCC, 0xCC, 0xCC, 0xCC, 0xCC, 0xCC, 0xDF, 0xFF, 0xD0, 0x00,
     57            0x00, 0x00, 0xDF, 0xFF, 0xDC, 0xCC, 0xCC, 0xCC, 0xCC, 0xCC, 0xCC, 0xCC, 0xDF, 0xFF, 0xD0, 0x00,
     58            0x00, 0x00, 0xDF, 0xFF, 0xDC, 0xCC, 0xCC, 0xCC, 0xCC, 0xCC, 0xCC, 0xCC, 0xDF, 0xFF, 0xD0, 0x00,
     59            0x00, 0x00, 0xDF, 0xFF, 0xDC, 0xCC, 0xCC, 0xCC, 0xCC, 0xCC, 0xCC, 0xCC, 0xDF, 0xFF, 0xD0, 0x00,
     60            0x00, 0x00, 0xDF, 0xFF, 0xDC, 0xCC, 0xCC, 0xCC, 0xCC, 0xCC, 0xCC, 0xCC, 0xDF, 0xFF, 0xD0, 0x00,
     61            0x00, 0x00, 0xDF, 0xFF, 0xDC, 0xCC, 0xCC, 0xCC, 0xCC, 0xCC, 0xCC, 0xCC, 0xDF, 0xFF, 0xD0, 0x00,
     62            0x00, 0x00, 0xDF, 0xFF, 0xDC, 0xCC, 0xCC, 0xCC, 0xCC, 0xCC, 0xCC, 0xCC, 0xDF, 0xFF, 0xD0, 0x00,
     63            0x00, 0x00, 0xDF, 0xFF, 0xDC, 0xCC, 0xCC, 0xCC, 0xCC, 0xCC, 0xCC, 0xCC, 0xDF, 0xFF, 0xD0, 0x00,
     64            0x00, 0x00, 0xDF, 0xFF, 0xDC, 0xCC, 0xCC, 0xCC, 0xCC, 0xCC, 0xCC, 0xCC, 0xDF, 0xFF, 0xD0, 0x00,
     65            0x00, 0x00, 0xDF, 0xFF, 0xDD, 0xDD, 0xDD, 0xDD, 0xDD, 0xDD, 0xDD, 0xDD, 0xDF, 0xFF, 0xD0, 0x00,
     66            0x00, 0x00, 0xDD, 0xFF, 0xFF, 0xFF, 0xFF, 0xFF, 0xDF, 0xFF, 0xFF, 0xFF, 0xFF, 0xFD, 0xD0, 0x00,
     67            0x00, 0x00, 0x0D, 0xDF, 0xFF, 0xFF, 0xFF, 0xFF, 0xDF, 0xFF, 0xFF, 0xFF, 0xFF, 0xDD, 0x00, 0x00,
     68            0x00, 0x00, 0x00, 0xDD, 0xDD, 0xDD, 0xDD, 0xDD, 0xDD, 0xDD, 0xDD, 0xDD, 0xDD, 0xD0, 0x00, 0x00,
     69            0x00, 0x00, 0x00, 0x00, 0x00, 0x00, 0x00, 0x00, 0x00, 0x00, 0x00, 0x00, 0x00, 0x00, 0x00, 0x00,
     70            0x00, 0x00, 0x00, 0x00, 0x00, 0x00, 0x00, 0x00, 0x00, 0x00, 0x00, 0x00, 0x00, 0x00, 0x00, 0x00,
     71            0x00, 0x00, 0x00, 0x00, 0x00, 0x00, 0x00, 0x00, 0x00, 0x00, 0x00, 0x00, 0x00, 0x00, 0x00, 0x00,
     72            0x00, 0x00, 0x00, 0x00, 0x00, 0x00, 0x00, 0x00, 0x00, 0x00, 0x00, 0x00, 0x00, 0x00, 0x00, 0x00,
     73            0x00, 0x00, 0x00, 0x00, 0x00, 0x00, 0x00, 0x00, 0x00, 0x00, 0x00, 0x00, 0x00, 0x00, 0x00, 0x00
     74          };
     75          

   \                                 In segment DATA_C, align 4, align-sorted
     76          const GUI_BITMAP bmButtonCargo = {
   \                     bmButtonCargo:
   \   00000000   200020001000       DC16 32, 32, 16, 4
   \              0400        
   \   00000008   ............       DC32 acButtonCargo, PalButtonCargo
   \              ....        
   \   00000010   00000000           DC8 0, 0, 0, 0
     77           32, /* XSize */
     78           32, /* YSize */
     79           16, /* BytesPerLine */
     80           4, /* BitsPerPixel */
     81           acButtonCargo,  /* Pointer to picture data (indices) */
     82           &PalButtonCargo  /* Pointer to palette */
     83          };
     84          
     85          /* *** End of file *** */


   Segment part sizes:

     Function/Label    Bytes
     --------------    -----
     ColorsButtonCargo   64
     PalButtonCargo      12
     acButtonCargo      512
     bmButtonCargo       20

 
 608 bytes in segment DATA_C
 
 608 bytes of CONST memory

Errors: none
Warnings: none
