##############################################################################
#                                                                            #
# IAR ARM ANSI C/C++ Compiler V4.42A/W32               14/Sep/2022  15:13:25 #
# Copyright 1999-2005 IAR Systems. All rights reserved.                      #
#                                                                            #
#    Cpu mode        =  interwork                                            #
#    Endian          =  little                                               #
#    Stack alignment =  4                                                    #
#    Source file     =  D:\S2Prog\Shared\BMPfiles\ButtonService.c            #
#    Command line    =  D:\S2Prog\Shared\BMPfiles\ButtonService.c --fpu      #
#                       None -D OS_LIBMODE_SP -D CPU_S3C2410 -D              #
#                       OS_RAMVECT=0 -D OS_UART=-1 -D S2TXU -D USE_LZO=1 -D  #
#                       __ARM_LIBRARY__ -D WATCHDOG=1 -D NETWORK=1 -lCN      #
#                       D:\S2Prog\TXU\Debug\List\ -o                         #
#                       D:\S2Prog\TXU\Debug\Obj\ -z9 --debug --cpu_mode arm  #
#                       --endian little --cpu ARM920T --stack_align 4        #
#                       --interwork -e --enable_multibytes --dlib_config     #
#                       "C:\Program Files (x86)\IAR Systems\Embedded         #
#                       Workbench 4.0\arm\LIB\dl4tpainl8n.h" -I              #
#                       D:\S2Prog\TXU\GUI\CORE\ -I D:\S2Prog\TXU\GUI\WM\ -I  #
#                       D:\S2Prog\TXU\GUI\WIDGET\ -I D:\S2Prog\TXU\CONFIG\   #
#                       -I D:\S2Prog\TXU\INC\ -I D:\S2Prog\TXU\..\SHARED\INC #
#                       \ -I D:\S2Prog\TXU\..\SHARED\SRC\ -I                 #
#                       D:\S2Prog\TXU\..\SHARED\LZO\minilzo.210\ -I          #
#                       D:\S2Prog\TXU\lwip-1.4.1\src\include\ -I             #
#                       D:\S2Prog\TXU\lwip-1.4.1\src\include\ipv4\ -I        #
#                       D:\S2Prog\TXU\lwip-1.4.1\src\ -I                     #
#                       D:\S2Prog\TXU\..\SHARED\Database\ -I                 #
#                       D:\S2Prog\TXU\src\ -I "C:\Program Files (x86)\IAR    #
#                       Systems\Embedded Workbench 4.0\arm\INC\"             #
#                       --inline_threshold=2                                 #
#    List file       =  D:\S2Prog\TXU\Debug\List\ButtonService.lst           #
#    Object file     =  D:\S2Prog\TXU\Debug\Obj\ButtonService.r79            #
#                                                                            #
#                                                                            #
##############################################################################

D:\S2Prog\Shared\BMPfiles\ButtonService.c
      1          /*
      2            C-file generated by Bitmap converter for emWin GSC V2.40, compiled Feb  6 2003, 09:35:53
      3          
      4            Copyright (C) 1998-2002
      5          	Segger Microcontroller Systeme GmbH
      6            www.segger.com
      7          
      8            Solutions for real time microcontroller applications
      9          
     10            Source file: ButtonService
     11            Dimensions:  32 * 32
     12            NumColors:   16
     13          */
     14          
     15          #include "stdlib.h"
     16          
     17          #include "GUI.H"
     18          
     19          /*   Palette
     20          The following are the entries of the palette table.
     21          Every entry is a 32-bit value (of which 24 bits are actually used)
     22          the lower   8 bits represent the Red component,
     23          the middle  8 bits represent the Green component,
     24          the highest 8 bits (of the 24 bits used) represent the Blue component
     25          as follows:   0xBBGGRR
     26          */
     27          

   \                                 In segment DATA_C, align 4, align-sorted
     28          const GUI_COLOR ColorsButtonService[] = {
   \                     ColorsButtonService:
   \   00000000   FF00FF008000       DC32 16711935, 128, 32768, 32896, 8388608, 8388736, 8421376, 12632256
   \              000000800000
   \              808000000000
   \              800080008000
   \              00808000C0C0
   \              C000        
   \   00000020   80808000FF00       DC32 8421504, 255, 65280, 65535, 16711680, 0, 16776960, 16777215
   \              000000FF0000
   \              FFFF00000000
   \              FF0000000000
   \              00FFFF00FFFF
   \              FF00        
     29               0xFF00FF,0x000080,0x008000,0x008080
     30              ,0x800000,0x800080,0x808000,0xC0C0C0
     31              ,0x808080,0x0000FF,0x00FF00,0x00FFFF
     32              ,0xFF0000,0x000000,0xFFFF00,0xFFFFFF
     33          };
     34          

   \                                 In segment DATA_C, align 4, align-sorted
     35          const GUI_LOGPALETTE PalButtonService = {
   \                     PalButtonService:
   \   00000000   10000000           DC32 16
   \   00000004   01000000           DC8 1, 0, 0, 0
   \   00000008   ........           DC32 ColorsButtonService
     36            16,	/* number of entries */
     37            1, 	/* Has transparency */
     38            &ColorsButtonService[0]
     39          };
     40          

   \                                 In segment DATA_C, align 4, align-sorted
     41          const unsigned char acButtonService[] = {
   \                     acButtonService:
   \   00000000   000000000000       DC8 0, 0, 0, 0, 0, 0, 0, 0, 0, 0, 0, 0, 0, 0, 0, 0, 0, 0, 0, 0, 0, 0, 0
   \              000000000000
   \              000000000000
   \              0000000000  
   \   00000017   000000000000       DC8 0, 0, 0, 0, 0, 0, 0, 0, 0, 0, 0, 0, 0, 0, 0, 0, 0, 0, 0, 0, 0, 0, 0
   \              000000000000
   \              000000000000
   \              0000000000  
   \   0000002E   000000000000       DC8 0, 0, 0, 0, 0, 0, 0, 0, 0, 0, 0, 0, 0, 0, 0, 0, 0, 0, 0, 0, 0, 0, 0
   \              000000000000
   \              000000000000
   \              0000000000  
   \   00000045   DDDDDDDDDDDD       DC8 221, 221, 221, 221, 221, 221, 208, 0, 0, 0, 0, 0, 0, 221, 221, 221
   \              D00000000000
   \              00DDDDDD    
   \   00000055   DDFFFFFFFFFD       DC8 221, 255, 255, 255, 255, 253, 221, 221, 221, 208, 0, 0, 0, 212, 196
   \              DDDDDDD00000
   \              00D4C4      
   \   00000064   C4CDFFFFFFFF       DC8 196, 205, 255, 255, 255, 255, 253, 196, 196, 196, 208, 0, 0, 0, 220
   \              FDC4C4C4D000
   \              0000DC      
   \   00000073   4C4C4DFFFFFF       DC8 76, 76, 77, 255, 255, 255, 255, 253, 76, 76, 76, 208, 0, 0, 0, 13
   \              FFFD4C4C4CD0
   \              0000000D    
   \   00000083   C4C4CDFFFFFF       DC8 196, 196, 205, 255, 255, 255, 255, 253, 196, 196, 205, 0, 0, 0, 0
   \              FFFDC4C4CD00
   \              000000      
   \   00000092   0D4C4C4DFFFF       DC8 13, 76, 76, 77, 255, 255, 255, 255, 253, 76, 76, 77, 0, 0, 0, 0, 13
   \              FFFFFD4C4C4D
   \              000000000D  
   \   000000A3   C4C4CDFFFFFF       DC8 196, 196, 205, 255, 255, 255, 255, 253, 196, 196, 205, 0, 0, 0, 0
   \              FFFDC4C4CD00
   \              000000      
   \   000000B2   0D4C4C4DFFFF       DC8 13, 76, 76, 77, 255, 255, 255, 255, 253, 76, 76, 77, 0, 0, 0, 0, 13
   \              FFFFFD4C4C4D
   \              000000000D  
   \   000000C3   C4C4CDFFFFFF       DC8 196, 196, 205, 255, 255, 255, 255, 253, 196, 196, 205, 0, 0, 0, 0
   \              FFFDC4C4CD00
   \              000000      
   \   000000D2   0D4C4C4DFFFF       DC8 13, 76, 76, 77, 255, 255, 255, 255, 253, 76, 76, 77, 0, 0, 0, 0, 13
   \              FFFFFD4C4C4D
   \              000000000D  
   \   000000E3   D4C4CDFFFFFF       DC8 212, 196, 205, 255, 255, 255, 255, 253, 196, 196, 208, 0, 0, 0, 0
   \              FFFDC4C4D000
   \              000000      
   \   000000F2   00DC4C4DFFFF       DC8 0, 220, 76, 77, 255, 255, 255, 255, 253, 76, 76, 208, 0, 0, 0, 0, 0
   \              FFFFFD4C4CD0
   \              0000000000  
   \   00000103   D4C4CDFFFFFF       DC8 212, 196, 205, 255, 255, 255, 255, 253, 196, 196, 208, 0, 0, 0, 0
   \              FFFDC4C4D000
   \              000000      
   \   00000112   00DC4C4DFFFF       DC8 0, 220, 76, 77, 255, 255, 255, 255, 253, 76, 76, 208, 0, 0, 0, 0, 0
   \              FFFFFD4C4CD0
   \              0000000000  
   \   00000123   D4C4CDFFFFFF       DC8 212, 196, 205, 255, 255, 255, 255, 253, 196, 196, 208, 0, 0, 0, 0
   \              FFFDC4C4D000
   \              000000      
   \   00000132   000D4C4DFFFF       DC8 0, 13, 76, 77, 255, 255, 255, 255, 253, 76, 77, 0, 0, 0, 0, 0, 0
   \              FFFFFD4C4D00
   \              0000000000  
   \   00000143   0DC4CDFFFFFF       DC8 13, 196, 205, 255, 255, 255, 255, 253, 196, 205, 0, 0, 0, 0, 0, 0
   \              FFFDC4CD0000
   \              00000000    
   \   00000153   00DC4DFFFFFF       DC8 0, 220, 77, 255, 255, 255, 255, 253, 76, 208, 0, 0, 0, 0, 0, 0, 0
   \              FFFD4CD00000
   \              0000000000  
   \   00000164   D4CDDDDDDDDD       DC8 212, 205, 221, 221, 221, 221, 221, 196, 208, 0, 0, 0, 0, 0, 0, 0
   \              DDC4D0000000
   \              00000000    
   \   00000174   0DDDECECECEC       DC8 13, 221, 236, 236, 236, 236, 237, 221, 0, 0, 0, 0, 0, 0, 0, 0, 0
   \              EDDD00000000
   \              0000000000  
   \   00000185   0DDECECECEDD       DC8 13, 222, 206, 206, 206, 221, 0, 0, 0, 0, 0, 0, 0, 0, 0, 0, 0, 13
   \              000000000000
   \              00000000000D
   \   00000197   ECECED000000       DC8 236, 236, 237, 0, 0, 0, 0, 0, 0, 0, 0, 0, 0, 0, 0, 0, 221, 221, 208
   \              000000000000
   \              00000000DDDD
   \              D0          
   \   000001AA   000000000000       DC8 0, 0, 0, 0, 0, 0, 0, 0, 0, 0, 0, 0, 0, 0, 0, 0, 0, 0, 0, 0, 0, 0, 0
   \              000000000000
   \              000000000000
   \              0000000000  
   \   000001C1   000000000000       DC8 0, 0, 0, 0, 0, 0, 0, 0, 0, 0, 0, 0, 0, 0, 0, 0, 0, 0, 0, 0, 0, 0, 0
   \              000000000000
   \              000000000000
   \              0000000000  
   \   000001D8   000000000000       DC8 0, 0, 0, 0, 0, 0, 0, 0, 0, 0, 0, 0, 0, 0, 0, 0, 0, 0, 0, 0, 0, 0, 0
   \              000000000000
   \              000000000000
   \              0000000000  
   \   000001EF   000000000000       DC8 0, 0, 0, 0, 0, 0, 0, 0, 0, 0, 0, 0, 0, 0, 0, 0, 0
   \              000000000000
   \              0000000000  
     42            0x00, 0x00, 0x00, 0x00, 0x00, 0x00, 0x00, 0x00, 0x00, 0x00, 0x00, 0x00, 0x00, 0x00, 0x00, 0x00,
     43            0x00, 0x00, 0x00, 0x00, 0x00, 0x00, 0x00, 0x00, 0x00, 0x00, 0x00, 0x00, 0x00, 0x00, 0x00, 0x00,
     44            0x00, 0x00, 0x00, 0x00, 0x00, 0x00, 0x00, 0x00, 0x00, 0x00, 0x00, 0x00, 0x00, 0x00, 0x00, 0x00,
     45            0x00, 0x00, 0x00, 0x00, 0x00, 0x00, 0x00, 0x00, 0x00, 0x00, 0x00, 0x00, 0x00, 0x00, 0x00, 0x00,
     46            0x00, 0x00, 0x00, 0x00, 0x00, 0xDD, 0xDD, 0xDD, 0xDD, 0xDD, 0xDD, 0xD0, 0x00, 0x00, 0x00, 0x00,
     47            0x00, 0x00, 0xDD, 0xDD, 0xDD, 0xDD, 0xFF, 0xFF, 0xFF, 0xFF, 0xFD, 0xDD, 0xDD, 0xDD, 0xD0, 0x00,
     48            0x00, 0x00, 0xD4, 0xC4, 0xC4, 0xCD, 0xFF, 0xFF, 0xFF, 0xFF, 0xFD, 0xC4, 0xC4, 0xC4, 0xD0, 0x00,
     49            0x00, 0x00, 0xDC, 0x4C, 0x4C, 0x4D, 0xFF, 0xFF, 0xFF, 0xFF, 0xFD, 0x4C, 0x4C, 0x4C, 0xD0, 0x00,
     50            0x00, 0x00, 0x0D, 0xC4, 0xC4, 0xCD, 0xFF, 0xFF, 0xFF, 0xFF, 0xFD, 0xC4, 0xC4, 0xCD, 0x00, 0x00,
     51            0x00, 0x00, 0x0D, 0x4C, 0x4C, 0x4D, 0xFF, 0xFF, 0xFF, 0xFF, 0xFD, 0x4C, 0x4C, 0x4D, 0x00, 0x00,
     52            0x00, 0x00, 0x0D, 0xC4, 0xC4, 0xCD, 0xFF, 0xFF, 0xFF, 0xFF, 0xFD, 0xC4, 0xC4, 0xCD, 0x00, 0x00,
     53            0x00, 0x00, 0x0D, 0x4C, 0x4C, 0x4D, 0xFF, 0xFF, 0xFF, 0xFF, 0xFD, 0x4C, 0x4C, 0x4D, 0x00, 0x00,
     54            0x00, 0x00, 0x0D, 0xC4, 0xC4, 0xCD, 0xFF, 0xFF, 0xFF, 0xFF, 0xFD, 0xC4, 0xC4, 0xCD, 0x00, 0x00,
     55            0x00, 0x00, 0x0D, 0x4C, 0x4C, 0x4D, 0xFF, 0xFF, 0xFF, 0xFF, 0xFD, 0x4C, 0x4C, 0x4D, 0x00, 0x00,
     56            0x00, 0x00, 0x0D, 0xD4, 0xC4, 0xCD, 0xFF, 0xFF, 0xFF, 0xFF, 0xFD, 0xC4, 0xC4, 0xD0, 0x00, 0x00,
     57            0x00, 0x00, 0x00, 0xDC, 0x4C, 0x4D, 0xFF, 0xFF, 0xFF, 0xFF, 0xFD, 0x4C, 0x4C, 0xD0, 0x00, 0x00,
     58            0x00, 0x00, 0x00, 0xD4, 0xC4, 0xCD, 0xFF, 0xFF, 0xFF, 0xFF, 0xFD, 0xC4, 0xC4, 0xD0, 0x00, 0x00,
     59            0x00, 0x00, 0x00, 0xDC, 0x4C, 0x4D, 0xFF, 0xFF, 0xFF, 0xFF, 0xFD, 0x4C, 0x4C, 0xD0, 0x00, 0x00,
     60            0x00, 0x00, 0x00, 0xD4, 0xC4, 0xCD, 0xFF, 0xFF, 0xFF, 0xFF, 0xFD, 0xC4, 0xC4, 0xD0, 0x00, 0x00,
     61            0x00, 0x00, 0x00, 0x0D, 0x4C, 0x4D, 0xFF, 0xFF, 0xFF, 0xFF, 0xFD, 0x4C, 0x4D, 0x00, 0x00, 0x00,
     62            0x00, 0x00, 0x00, 0x0D, 0xC4, 0xCD, 0xFF, 0xFF, 0xFF, 0xFF, 0xFD, 0xC4, 0xCD, 0x00, 0x00, 0x00,
     63            0x00, 0x00, 0x00, 0x00, 0xDC, 0x4D, 0xFF, 0xFF, 0xFF, 0xFF, 0xFD, 0x4C, 0xD0, 0x00, 0x00, 0x00,
     64            0x00, 0x00, 0x00, 0x00, 0xD4, 0xCD, 0xDD, 0xDD, 0xDD, 0xDD, 0xDD, 0xC4, 0xD0, 0x00, 0x00, 0x00,
     65            0x00, 0x00, 0x00, 0x00, 0x0D, 0xDD, 0xEC, 0xEC, 0xEC, 0xEC, 0xED, 0xDD, 0x00, 0x00, 0x00, 0x00,
     66            0x00, 0x00, 0x00, 0x00, 0x00, 0x0D, 0xDE, 0xCE, 0xCE, 0xCE, 0xDD, 0x00, 0x00, 0x00, 0x00, 0x00,
     67            0x00, 0x00, 0x00, 0x00, 0x00, 0x00, 0x0D, 0xEC, 0xEC, 0xED, 0x00, 0x00, 0x00, 0x00, 0x00, 0x00,
     68            0x00, 0x00, 0x00, 0x00, 0x00, 0x00, 0x00, 0xDD, 0xDD, 0xD0, 0x00, 0x00, 0x00, 0x00, 0x00, 0x00,
     69            0x00, 0x00, 0x00, 0x00, 0x00, 0x00, 0x00, 0x00, 0x00, 0x00, 0x00, 0x00, 0x00, 0x00, 0x00, 0x00,
     70            0x00, 0x00, 0x00, 0x00, 0x00, 0x00, 0x00, 0x00, 0x00, 0x00, 0x00, 0x00, 0x00, 0x00, 0x00, 0x00,
     71            0x00, 0x00, 0x00, 0x00, 0x00, 0x00, 0x00, 0x00, 0x00, 0x00, 0x00, 0x00, 0x00, 0x00, 0x00, 0x00,
     72            0x00, 0x00, 0x00, 0x00, 0x00, 0x00, 0x00, 0x00, 0x00, 0x00, 0x00, 0x00, 0x00, 0x00, 0x00, 0x00,
     73            0x00, 0x00, 0x00, 0x00, 0x00, 0x00, 0x00, 0x00, 0x00, 0x00, 0x00, 0x00, 0x00, 0x00, 0x00, 0x00
     74          };
     75          

   \                                 In segment DATA_C, align 4, align-sorted
     76          const GUI_BITMAP bmButtonService = {
   \                     bmButtonService:
   \   00000000   200020001000       DC16 32, 32, 16, 4
   \              0400        
   \   00000008   ............       DC32 acButtonService, PalButtonService
   \              ....        
   \   00000010   00000000           DC8 0, 0, 0, 0
     77           32, /* XSize */
     78           32, /* YSize */
     79           16, /* BytesPerLine */
     80           4, /* BitsPerPixel */
     81           acButtonService,  /* Pointer to picture data (indices) */
     82           &PalButtonService  /* Pointer to palette */
     83          };
     84          
     85          /* *** End of file *** */


   Segment part sizes:

     Function/Label      Bytes
     --------------      -----
     ColorsButtonService   64
     PalButtonService      12
     acButtonService      512
     bmButtonService       20

 
 608 bytes in segment DATA_C
 
 608 bytes of CONST memory

Errors: none
Warnings: none
