##############################################################################
#                                                                            #
# IAR ARM ANSI C/C++ Compiler V4.42A/W32               14/Sep/2022  15:13:26 #
# Copyright 1999-2005 IAR Systems. All rights reserved.                      #
#                                                                            #
#    Cpu mode        =  interwork                                            #
#    Endian          =  little                                               #
#    Stack alignment =  4                                                    #
#    Source file     =  D:\S2Prog\Shared\BMPfiles\ButtonWaterIngress.c       #
#    Command line    =  D:\S2Prog\Shared\BMPfiles\ButtonWaterIngress.c       #
#                       --fpu None -D OS_LIBMODE_SP -D CPU_S3C2410 -D        #
#                       OS_RAMVECT=0 -D OS_UART=-1 -D S2TXU -D USE_LZO=1 -D  #
#                       __ARM_LIBRARY__ -D WATCHDOG=1 -D NETWORK=1 -lCN      #
#                       D:\S2Prog\TXU\Debug\List\ -o                         #
#                       D:\S2Prog\TXU\Debug\Obj\ -z9 --debug --cpu_mode arm  #
#                       --endian little --cpu ARM920T --stack_align 4        #
#                       --interwork -e --enable_multibytes --dlib_config     #
#                       "C:\Program Files (x86)\IAR Systems\Embedded         #
#                       Workbench 4.0\arm\LIB\dl4tpainl8n.h" -I              #
#                       D:\S2Prog\TXU\GUI\CORE\ -I D:\S2Prog\TXU\GUI\WM\ -I  #
#                       D:\S2Prog\TXU\GUI\WIDGET\ -I D:\S2Prog\TXU\CONFIG\   #
#                       -I D:\S2Prog\TXU\INC\ -I D:\S2Prog\TXU\..\SHARED\INC #
#                       \ -I D:\S2Prog\TXU\..\SHARED\SRC\ -I                 #
#                       D:\S2Prog\TXU\..\SHARED\LZO\minilzo.210\ -I          #
#                       D:\S2Prog\TXU\lwip-1.4.1\src\include\ -I             #
#                       D:\S2Prog\TXU\lwip-1.4.1\src\include\ipv4\ -I        #
#                       D:\S2Prog\TXU\lwip-1.4.1\src\ -I                     #
#                       D:\S2Prog\TXU\..\SHARED\Database\ -I                 #
#                       D:\S2Prog\TXU\src\ -I "C:\Program Files (x86)\IAR    #
#                       Systems\Embedded Workbench 4.0\arm\INC\"             #
#                       --inline_threshold=2                                 #
#    List file       =  D:\S2Prog\TXU\Debug\List\ButtonWaterIngress.lst      #
#    Object file     =  D:\S2Prog\TXU\Debug\Obj\ButtonWaterIngress.r79       #
#                                                                            #
#                                                                            #
##############################################################################

D:\S2Prog\Shared\BMPfiles\ButtonWaterIngress.c
      1          /*
      2            C-file generated by Bitmap converter for emWin GSC V2.40, compiled Feb  6 2003, 09:35:53
      3          
      4            Copyright (C) 1998-2002
      5            Segger Microcontroller Systeme GmbH
      6            www.segger.com
      7          
      8            Solutions for real time microcontroller applications
      9          
     10            Source file: ButtonWaterIngress
     11            Dimensions:  32 * 32
     12            NumColors:   16
     13          */
     14          
     15          #include "stdlib.h"
     16          
     17          #include "GUI.H"
     18          
     19          /*   Palette
     20          The following are the entries of the palette table.
     21          Every entry is a 32-bit value (of which 24 bits are actually used)
     22          the lower   8 bits represent the Red component,
     23          the middle  8 bits represent the Green component,
     24          the highest 8 bits (of the 24 bits used) represent the Blue component
     25          as follows:   0xBBGGRR
     26          */
     27          

   \                                 In segment DATA_C, align 4, align-sorted
     28          const GUI_COLOR ColorsButtonWaterIngress[] = {
   \                     ColorsButtonWaterIngress:
   \   00000000   FF00FF008000       DC32 16711935, 128, 32768, 32896, 8388608, 8388736, 8421376, 12632256
   \              000000800000
   \              808000000000
   \              800080008000
   \              00808000C0C0
   \              C000        
   \   00000020   80808000FF00       DC32 8421504, 255, 65280, 65535, 16711680, 0, 16776960, 16777215
   \              000000FF0000
   \              FFFF00000000
   \              FF0000000000
   \              00FFFF00FFFF
   \              FF00        
     29               0xFF00FF,0x000080,0x008000,0x008080
     30              ,0x800000,0x800080,0x808000,0xC0C0C0
     31              ,0x808080,0x0000FF,0x00FF00,0x00FFFF
     32              ,0xFF0000,0x000000,0xFFFF00,0xFFFFFF
     33          };
     34          

   \                                 In segment DATA_C, align 4, align-sorted
     35          const GUI_LOGPALETTE PalButtonWaterIngress = {
   \                     PalButtonWaterIngress:
   \   00000000   10000000           DC32 16
   \   00000004   01000000           DC8 1, 0, 0, 0
   \   00000008   ........           DC32 ColorsButtonWaterIngress
     36            16,	/* number of entries */
     37            1, 	/* Has transparency */
     38            &ColorsButtonWaterIngress[0]
     39          };
     40          

   \                                 In segment DATA_C, align 4, align-sorted
     41          const unsigned char acButtonWaterIngress[] = {
   \                     acButtonWaterIngress:
   \   00000000   000000000000       DC8 0, 0, 0, 0, 0, 0, 0, 0, 0, 0, 0, 0, 0, 0, 0, 0, 0, 0, 0, 0, 0, 0, 0
   \              000000000000
   \              000000000000
   \              0000000000  
   \   00000017   000000000000       DC8 0, 0, 0, 0, 0, 0, 0, 0, 0, 0, 0, 0, 0, 0, 0, 0, 0, 0, 0, 0, 0, 0, 0
   \              000000000000
   \              000000000000
   \              0000000000  
   \   0000002E   000000000000       DC8 0, 0, 0, 0, 0, 0, 0, 0, 0, 0, 0, 0, 0, 0, 0, 0, 0, 0, 0, 0, 0, 0, 0
   \              000000000000
   \              000000000000
   \              0000000000  
   \   00000045   DDDDDDDDDDDD       DC8 221, 221, 221, 221, 221, 221, 208, 0, 0, 0, 0, 0, 0, 221, 221, 221
   \              D00000000000
   \              00DDDDDD    
   \   00000055   DFFFFFFFFFFF       DC8 223, 255, 255, 255, 255, 255, 221, 221, 221, 208, 0, 0, 0, 223, 255
   \              DDDDDDD00000
   \              00DFFF      
   \   00000064   FFFFFFFF6FFF       DC8 255, 255, 255, 255, 111, 255, 255, 255, 255, 255, 208, 0, 0, 0, 223
   \              FFFFFFFFD000
   \              0000DF      
   \   00000073   FFFFFFFF6666       DC8 255, 255, 255, 255, 102, 102, 111, 255, 255, 255, 255, 208, 0, 0, 0
   \              6FFFFFFFFFD0
   \              000000      
   \   00000082   DFFFFFF66666       DC8 223, 255, 255, 246, 102, 102, 102, 102, 111, 255, 255, 255, 208, 0
   \              66666FFFFFFF
   \              D000        
   \   00000090   0000DFFF6666       DC8 0, 0, 223, 255, 102, 102, 102, 102, 102, 102, 102, 102, 102, 255
   \              666666666666
   \              66FF        
   \   0000009E   D0000000D666       DC8 208, 0, 0, 0, 214, 102, 102, 102, 102, 102, 102, 102, 102, 102, 102
   \              666666666666
   \              666666      
   \   000000AD   66D0000000D6       DC8 102, 208, 0, 0, 0, 214, 102, 102, 102, 102, 102, 102, 102, 102, 102
   \              666666666666
   \              666666      
   \   000000BC   6666D0000000       DC8 102, 102, 208, 0, 0, 0, 214, 102, 102, 102, 102, 102, 102, 102, 102
   \              D66666666666
   \              666666      
   \   000000CB   666666D00000       DC8 102, 102, 102, 208, 0, 0, 0, 214, 102, 102, 102, 102, 102, 102, 102
   \              00D666666666
   \              666666      
   \   000000DA   66666666D000       DC8 102, 102, 102, 102, 208, 0, 0, 0, 214, 102, 102, 102, 102, 102, 110
   \              0000D6666666
   \              66666E      
   \   000000E9   6666666666D0       DC8 102, 102, 102, 102, 102, 208, 0, 0, 0, 214, 102, 102, 102, 102, 102
   \              000000D66666
   \              666666      
   \   000000F8   EEE666666666       DC8 238, 230, 102, 102, 102, 102, 208, 0, 0, 0, 214, 102, 102, 102, 102
   \              D0000000D666
   \              666666      
   \   00000107   6EEEEE666666       DC8 110, 238, 238, 102, 102, 102, 102, 208, 0, 0, 0, 214, 102, 102, 102
   \              66D0000000D6
   \              666666      
   \   00000116   66EEEEEEE666       DC8 102, 238, 238, 238, 230, 102, 102, 102, 208, 0, 0, 0, 214, 102, 102
   \              6666D0000000
   \              D66666      
   \   00000125   666E6ECEEE6E       DC8 102, 110, 110, 206, 238, 110, 102, 102, 102, 208, 0, 0, 0, 214, 102
   \              666666D00000
   \              00D666      
   \   00000134   66666666EEE6       DC8 102, 102, 102, 102, 238, 230, 102, 102, 102, 102, 208, 0, 0, 0, 13
   \              66666666D000
   \              00000D      
   \   00000143   6666666666EE       DC8 102, 102, 102, 102, 102, 238, 198, 102, 102, 102, 109, 0, 0, 0, 0
   \              C66666666D00
   \              000000      
   \   00000152   00D66666666C       DC8 0, 214, 102, 102, 102, 108, 238, 102, 102, 102, 102, 208, 0, 0, 0
   \              EE66666666D0
   \              000000      
   \   00000161   00000D666666       DC8 0, 0, 13, 102, 102, 102, 102, 238, 198, 102, 102, 109, 0, 0, 0, 0
   \              66EEC666666D
   \              00000000    
   \   00000171   000000D66666       DC8 0, 0, 0, 214, 102, 102, 102, 238, 230, 102, 102, 208, 0, 0, 0, 0, 0
   \              66EEE66666D0
   \              0000000000  
   \   00000182   00000D666666       DC8 0, 0, 13, 102, 102, 102, 238, 230, 102, 109, 0, 0, 0, 0, 0, 0, 0, 0
   \              EEE6666D0000
   \              000000000000
   \   00000194   00D666666EEE       DC8 0, 214, 102, 102, 110, 238, 102, 208, 0, 0, 0, 0, 0, 0, 0, 0, 0, 13
   \              66D000000000
   \              00000000000D
   \   000001A6   DDDDDEEEEC00       DC8 221, 221, 222, 238, 236, 0, 0, 0, 0, 0, 0, 0, 0, 0, 0, 0, 0, 0, 0
   \              000000000000
   \              000000000000
   \              00          
   \   000001B9   EEEEEEEEEE00       DC8 238, 238, 238, 238, 238, 0, 0, 0, 0, 0, 0, 0, 0, 0, 0, 0, 14, 238
   \              000000000000
   \              000000000EEE
   \   000001CB   EEEEE0000000       DC8 238, 238, 224, 0, 0, 0, 0, 0, 0, 0, 0, 0, 0, 0, 0, 206, 206, 224, 0
   \              000000000000
   \              000000CECEE0
   \              00          
   \   000001DE   000000000000       DC8 0, 0, 0, 0, 0, 0, 0, 0, 0, 0, 0, 0, 14, 236, 238, 0, 0, 0, 0, 0, 0
   \              000000000000
   \              0EECEE000000
   \              000000      
   \   000001F3   000000000000       DC8 0, 0, 0, 0, 0, 0, 0, 0, 0, 0, 0, 0, 0
   \              000000000000
   \              00          
     42            0x00, 0x00, 0x00, 0x00, 0x00, 0x00, 0x00, 0x00, 0x00, 0x00, 0x00, 0x00, 0x00, 0x00, 0x00, 0x00,
     43            0x00, 0x00, 0x00, 0x00, 0x00, 0x00, 0x00, 0x00, 0x00, 0x00, 0x00, 0x00, 0x00, 0x00, 0x00, 0x00,
     44            0x00, 0x00, 0x00, 0x00, 0x00, 0x00, 0x00, 0x00, 0x00, 0x00, 0x00, 0x00, 0x00, 0x00, 0x00, 0x00,
     45            0x00, 0x00, 0x00, 0x00, 0x00, 0x00, 0x00, 0x00, 0x00, 0x00, 0x00, 0x00, 0x00, 0x00, 0x00, 0x00,
     46            0x00, 0x00, 0x00, 0x00, 0x00, 0xDD, 0xDD, 0xDD, 0xDD, 0xDD, 0xDD, 0xD0, 0x00, 0x00, 0x00, 0x00,
     47            0x00, 0x00, 0xDD, 0xDD, 0xDD, 0xDF, 0xFF, 0xFF, 0xFF, 0xFF, 0xFF, 0xDD, 0xDD, 0xDD, 0xD0, 0x00,
     48            0x00, 0x00, 0xDF, 0xFF, 0xFF, 0xFF, 0xFF, 0xFF, 0x6F, 0xFF, 0xFF, 0xFF, 0xFF, 0xFF, 0xD0, 0x00,
     49            0x00, 0x00, 0xDF, 0xFF, 0xFF, 0xFF, 0xFF, 0x66, 0x66, 0x6F, 0xFF, 0xFF, 0xFF, 0xFF, 0xD0, 0x00,
     50            0x00, 0x00, 0xDF, 0xFF, 0xFF, 0xF6, 0x66, 0x66, 0x66, 0x66, 0x6F, 0xFF, 0xFF, 0xFF, 0xD0, 0x00,
     51            0x00, 0x00, 0xDF, 0xFF, 0x66, 0x66, 0x66, 0x66, 0x66, 0x66, 0x66, 0x66, 0x66, 0xFF, 0xD0, 0x00,
     52            0x00, 0x00, 0xD6, 0x66, 0x66, 0x66, 0x66, 0x66, 0x66, 0x66, 0x66, 0x66, 0x66, 0x66, 0xD0, 0x00,
     53            0x00, 0x00, 0xD6, 0x66, 0x66, 0x66, 0x66, 0x66, 0x66, 0x66, 0x66, 0x66, 0x66, 0x66, 0xD0, 0x00,
     54            0x00, 0x00, 0xD6, 0x66, 0x66, 0x66, 0x66, 0x66, 0x66, 0x66, 0x66, 0x66, 0x66, 0x66, 0xD0, 0x00,
     55            0x00, 0x00, 0xD6, 0x66, 0x66, 0x66, 0x66, 0x66, 0x66, 0x66, 0x66, 0x66, 0x66, 0x66, 0xD0, 0x00,
     56            0x00, 0x00, 0xD6, 0x66, 0x66, 0x66, 0x66, 0x66, 0x6E, 0x66, 0x66, 0x66, 0x66, 0x66, 0xD0, 0x00,
     57            0x00, 0x00, 0xD6, 0x66, 0x66, 0x66, 0x66, 0x66, 0xEE, 0xE6, 0x66, 0x66, 0x66, 0x66, 0xD0, 0x00,
     58            0x00, 0x00, 0xD6, 0x66, 0x66, 0x66, 0x66, 0x6E, 0xEE, 0xEE, 0x66, 0x66, 0x66, 0x66, 0xD0, 0x00,
     59            0x00, 0x00, 0xD6, 0x66, 0x66, 0x66, 0x66, 0xEE, 0xEE, 0xEE, 0xE6, 0x66, 0x66, 0x66, 0xD0, 0x00,
     60            0x00, 0x00, 0xD6, 0x66, 0x66, 0x66, 0x6E, 0x6E, 0xCE, 0xEE, 0x6E, 0x66, 0x66, 0x66, 0xD0, 0x00,
     61            0x00, 0x00, 0xD6, 0x66, 0x66, 0x66, 0x66, 0x66, 0xEE, 0xE6, 0x66, 0x66, 0x66, 0x66, 0xD0, 0x00,
     62            0x00, 0x00, 0x0D, 0x66, 0x66, 0x66, 0x66, 0x66, 0xEE, 0xC6, 0x66, 0x66, 0x66, 0x6D, 0x00, 0x00,
     63            0x00, 0x00, 0x00, 0xD6, 0x66, 0x66, 0x66, 0x6C, 0xEE, 0x66, 0x66, 0x66, 0x66, 0xD0, 0x00, 0x00,
     64            0x00, 0x00, 0x00, 0x0D, 0x66, 0x66, 0x66, 0x66, 0xEE, 0xC6, 0x66, 0x66, 0x6D, 0x00, 0x00, 0x00,
     65            0x00, 0x00, 0x00, 0x00, 0xD6, 0x66, 0x66, 0x66, 0xEE, 0xE6, 0x66, 0x66, 0xD0, 0x00, 0x00, 0x00,
     66            0x00, 0x00, 0x00, 0x00, 0x0D, 0x66, 0x66, 0x66, 0xEE, 0xE6, 0x66, 0x6D, 0x00, 0x00, 0x00, 0x00,
     67            0x00, 0x00, 0x00, 0x00, 0x00, 0xD6, 0x66, 0x66, 0x6E, 0xEE, 0x66, 0xD0, 0x00, 0x00, 0x00, 0x00,
     68            0x00, 0x00, 0x00, 0x00, 0x00, 0x0D, 0xDD, 0xDD, 0xDE, 0xEE, 0xEC, 0x00, 0x00, 0x00, 0x00, 0x00,
     69            0x00, 0x00, 0x00, 0x00, 0x00, 0x00, 0x00, 0x00, 0x00, 0xEE, 0xEE, 0xEE, 0xEE, 0xEE, 0x00, 0x00,
     70            0x00, 0x00, 0x00, 0x00, 0x00, 0x00, 0x00, 0x00, 0x00, 0x0E, 0xEE, 0xEE, 0xEE, 0xE0, 0x00, 0x00,
     71            0x00, 0x00, 0x00, 0x00, 0x00, 0x00, 0x00, 0x00, 0x00, 0x00, 0xCE, 0xCE, 0xE0, 0x00, 0x00, 0x00,
     72            0x00, 0x00, 0x00, 0x00, 0x00, 0x00, 0x00, 0x00, 0x00, 0x00, 0x0E, 0xEC, 0xEE, 0x00, 0x00, 0x00,
     73            0x00, 0x00, 0x00, 0x00, 0x00, 0x00, 0x00, 0x00, 0x00, 0x00, 0x00, 0x00, 0x00, 0x00, 0x00, 0x00
     74          };
     75          

   \                                 In segment DATA_C, align 4, align-sorted
     76          const GUI_BITMAP bmButtonWaterIngress = {
   \                     bmButtonWaterIngress:
   \   00000000   200020001000       DC16 32, 32, 16, 4
   \              0400        
   \   00000008   ............       DC32 acButtonWaterIngress, PalButtonWaterIngress
   \              ....        
   \   00000010   00000000           DC8 0, 0, 0, 0
     77           32, /* XSize */
     78           32, /* YSize */
     79           16, /* BytesPerLine */
     80           4, /* BitsPerPixel */
     81           acButtonWaterIngress,  /* Pointer to picture data (indices) */
     82           &PalButtonWaterIngress  /* Pointer to palette */
     83          };
     84          
     85          /* *** End of file *** */


   Segment part sizes:

     Function/Label           Bytes
     --------------           -----
     ColorsButtonWaterIngress   64
     PalButtonWaterIngress      12
     acButtonWaterIngress      512
     bmButtonWaterIngress       20

 
 608 bytes in segment DATA_C
 
 608 bytes of CONST memory

Errors: none
Warnings: none
