##############################################################################
#                                                                            #
# IAR ARM ANSI C/C++ Compiler V4.42A/W32               14/Sep/2022  15:20:03 #
# Copyright 1999-2005 IAR Systems. All rights reserved.                      #
#                                                                            #
#    Cpu mode        =  interwork                                            #
#    Endian          =  little                                               #
#    Stack alignment =  4                                                    #
#    Source file     =  D:\S2Prog\TXU\src\UserIRQ.c                          #
#    Command line    =  D:\S2Prog\TXU\src\UserIRQ.c --fpu None -D            #
#                       OS_LIBMODE_SP -D CPU_S3C2410 -D OS_RAMVECT=0 -D      #
#                       OS_UART=-1 -D S2TXU -D USE_LZO=1 -D __ARM_LIBRARY__  #
#                       -D WATCHDOG=1 -D NETWORK=1 -lCN                      #
#                       D:\S2Prog\TXU\Debug\List\ -o                         #
#                       D:\S2Prog\TXU\Debug\Obj\ -s9 --debug --cpu_mode arm  #
#                       --endian little --cpu ARM920T --stack_align 4        #
#                       --interwork -e --enable_multibytes --dlib_config     #
#                       "C:\Program Files (x86)\IAR Systems\Embedded         #
#                       Workbench 4.0\arm\LIB\dl4tpainl8n.h" -I              #
#                       D:\S2Prog\TXU\GUI\CORE\ -I D:\S2Prog\TXU\GUI\WM\ -I  #
#                       D:\S2Prog\TXU\GUI\WIDGET\ -I D:\S2Prog\TXU\CONFIG\   #
#                       -I D:\S2Prog\TXU\INC\ -I D:\S2Prog\TXU\..\SHARED\INC #
#                       \ -I D:\S2Prog\TXU\..\SHARED\SRC\ -I                 #
#                       D:\S2Prog\TXU\..\SHARED\LZO\minilzo.210\ -I          #
#                       D:\S2Prog\TXU\lwip-1.4.1\src\include\ -I             #
#                       D:\S2Prog\TXU\lwip-1.4.1\src\include\ipv4\ -I        #
#                       D:\S2Prog\TXU\lwip-1.4.1\src\ -I                     #
#                       D:\S2Prog\TXU\..\SHARED\Database\ -I                 #
#                       D:\S2Prog\TXU\src\ -I "C:\Program Files (x86)\IAR    #
#                       Systems\Embedded Workbench 4.0\arm\INC\"             #
#                       --inline_threshold=2                                 #
#    List file       =  D:\S2Prog\TXU\Debug\List\UserIRQ.lst                 #
#    Object file     =  D:\S2Prog\TXU\Debug\Obj\UserIRQ.r79                  #
#                                                                            #
#                                                                            #
##############################################################################

D:\S2Prog\TXU\src\UserIRQ.c
      1          
      2          
      3          #include "inarm.h"
      4          

   \                                 In segment CODE, align 4, keep-with-next
      5          __interwork void OS_USER_irq_func(void) {
      6          }
   \                     OS_USER_irq_func:
   \   00000000   1EFF2FE1           BX       LR               ;; return
      7          

   Maximum stack usage in bytes:

     Function         CSTACK
     --------         ------
     OS_USER_irq_func     0


   Segment part sizes:

     Function/Label   Bytes
     --------------   -----
     OS_USER_irq_func    4
      Others             4

 
 8 bytes in segment CODE
 
 4 bytes of CODE memory (+ 4 bytes shared)

Errors: none
Warnings: none
