  TSNTasks.cpp
  TankWashingCompoundLogObject.cpp
  TSNAsyncsender.cpp
d:\s2prog\shared\src\tsnasyncsender.cpp(9): fatal error C1083: Cannot open include file: 'minilzo.h': No such file or directory
  PROProjectInfo.cpp
d:\s2prog\shared\src\proprojectinfo.cpp(115): error C2065: 'ANPRO_NET_GATEWAY': undeclared identifier
d:\s2prog\shared\src\proprojectinfo.cpp(116): error C2065: 'ANPRO_NET_TCU_MASTER': undeclared identifier
d:\s2prog\shared\src\proprojectinfo.cpp(117): error C2065: 'ANPRO_NET_TCU_SLAVE_START': undeclared identifier
d:\s2prog\shared\src\proprojectinfo.cpp(118): error C2065: 'ANPRO_NET_TCU_SLAVE_END': undeclared identifier
d:\s2prog\shared\src\proprojectinfo.cpp(119): error C2065: 'ANPRO_NET_TDU_START': undeclared identifier
d:\s2prog\shared\src\proprojectinfo.cpp(120): error C2065: 'ANPRO_NET_TDU_END': undeclared identifier
d:\s2prog\shared\src\proprojectinfo.cpp(121): error C2065: 'ANPRO_NET_PC_START': undeclared identifier
d:\s2prog\shared\src\proprojectinfo.cpp(122): error C2065: 'ANPRO_NET_PC_END': undeclared identifier
d:\s2prog\shared\src\proprojectinfo.cpp(857): warning C4996: 'inet_addr': Use inet_pton() or InetPton() instead or define _WINSOCK_DEPRECATED_NO_WARNINGS to disable deprecated API warnings
  c:\program files (x86)\windows kits\10\include\10.0.18362.0\um\winsock2.h(1831): note: see declaration of 'inet_addr'
  Anpro10.cpp
d:\s2prog\shared\src\anpro10.cpp(41): fatal error C1083: Cannot open include file: 'minilzo.h': No such file or directory
  AiWashTrackSensor_mV.cpp
d:\s2prog\shared\src\aiwashtracksensor_mv.cpp(9): error C2653: 'AiWashTrackSensor_mV': is not a class or namespace name
d:\s2prog\shared\src\aiwashtracksensor_mv.cpp(10): error C4430: missing type specifier - int assumed. Note: C++ does not support default-int
d:\s2prog\shared\src\aiwashtracksensor_mv.cpp(11): error C2065: 'Type': undeclared identifier
d:\s2prog\shared\src\aiwashtracksensor_mv.cpp(11): error C2065: 'C_AI_WashTrack_mV': undeclared identifier
d:\s2prog\shared\src\aiwashtracksensor_mv.cpp(12): error C2065: 'BasicSensorType': undeclared identifier
d:\s2prog\shared\src\aiwashtracksensor_mv.cpp(13): error C2065: 'BasicSensorTypeWord': undeclared identifier
d:\s2prog\shared\src\aiwashtracksensor_mv.cpp(14): error C2065: 'Location': undeclared identifier
d:\s2prog\shared\src\aiwashtracksensor_mv.cpp(15): error C2065: 'LocationKWord': undeclared identifier
d:\s2prog\shared\src\aiwashtracksensor_mv.cpp(16): warning C4508: 'AiWashTrackSensor_mV': function should return a value; 'void' return type assumed
d:\s2prog\shared\src\aiwashtracksensor_mv.cpp(19): error C2653: 'AiWashTrackSensor_mV': is not a class or namespace name
d:\s2prog\shared\src\aiwashtracksensor_mv.cpp(19): error C2523: '<Unknown>::~AiWashTrackSensor_mV': destructor tag mismatch
d:\s2prog\shared\src\aiwashtracksensor_mv.cpp(20): error C4430: missing type specifier - int assumed. Note: C++ does not support default-int
d:\s2prog\shared\src\aiwashtracksensor_mv.cpp(20): error C2084: function 'int AiWashTrackSensor_mV(void)' already has a body
  d:\s2prog\shared\src\aiwashtracksensor_mv.cpp(9): note: see previous definition of 'AiWashTrackSensor_mV'
d:\s2prog\shared\src\aiwashtracksensor_mv.cpp(29): error C2653: 'AiWashTrackSensor_mV': is not a class or namespace name
d:\s2prog\shared\src\aiwashtracksensor_mv.cpp(38): error C2065: 'Type': undeclared identifier
d:\s2prog\shared\src\aiwashtracksensor_mv.cpp(39): error C2352: 'AnalogInput::MakeConfigString': illegal call of non-static member function
  d:\s2prog\shared\src\analoginput.h(57): note: see declaration of 'AnalogInput::MakeConfigString'
d:\s2prog\shared\src\aiwashtracksensor_mv.cpp(49): error C2653: 'AiWashTrackSensor_mV': is not a class or namespace name
d:\s2prog\shared\src\aiwashtracksensor_mv.cpp(67): error C2352: 'AnalogInput::LoadConfigString': illegal call of non-static member function
  d:\s2prog\shared\src\analoginput.h(58): note: see declaration of 'AnalogInput::LoadConfigString'
d:\s2prog\shared\src\aiwashtracksensor_mv.cpp(86): error C2653: 'AiWashTrackSensor_mV': is not a class or namespace name
d:\s2prog\shared\src\aiwashtracksensor_mv.cpp(93): error C2352: 'AnalogInput::PutValue': illegal call of non-static member function
  d:\s2prog\shared\src\analoginput.h(75): note: see declaration of 'AnalogInput::PutValue'
d:\s2prog\shared\src\aiwashtracksensor_mv.cpp(97): error C3861: 'SetModifiedFlag': identifier not found
d:\s2prog\shared\src\aiwashtracksensor_mv.cpp(105): error C2653: 'AiWashTrackSensor_mV': is not a class or namespace name
d:\s2prog\shared\src\aiwashtracksensor_mv.cpp(110): error C2065: 'Offset': undeclared identifier
d:\s2prog\shared\src\aiwashtracksensor_mv.cpp(115): error C3861: 'Calculate': identifier not found
d:\s2prog\shared\src\aiwashtracksensor_mv.cpp(120): error C2352: 'AnalogInput::GetValue': illegal call of non-static member function
  d:\s2prog\shared\src\analoginput.h(73): note: see declaration of 'AnalogInput::GetValue'
d:\s2prog\shared\src\aiwashtracksensor_mv.cpp(126): error C2653: 'AiWashTrackSensor_mV': is not a class or namespace name
d:\s2prog\shared\src\aiwashtracksensor_mv.cpp(137): error C2352: 'AnalogInput::GetStringValue': illegal call of non-static member function
  d:\s2prog\shared\src\analoginput.h(74): note: see declaration of 'AnalogInput::GetStringValue'
d:\s2prog\shared\src\aiwashtracksensor_mv.cpp(143): error C2653: 'AiWashTrackSensor_mV': is not a class or namespace name
d:\s2prog\shared\src\aiwashtracksensor_mv.cpp(145): error C2352: 'AnalogInput::PutFloatValue': illegal call of non-static member function
  d:\s2prog\shared\src\analoginput.h(76): note: see declaration of 'AnalogInput::PutFloatValue'
d:\s2prog\shared\src\aiwashtracksensor_mv.cpp(149): error C2653: 'AiWashTrackSensor_mV': is not a class or namespace name
d:\s2prog\shared\src\aiwashtracksensor_mv.cpp(151): error C2065: 'HWFailure': undeclared identifier
d:\s2prog\shared\src\aiwashtracksensor_mv.cpp(152): error C2065: 'FilteredValue': undeclared identifier
d:\s2prog\shared\src\aiwashtracksensor_mv.cpp(154): error C2653: 'AiWashTrackSensor_mV': is not a class or namespace name
d:\s2prog\shared\src\aiwashtracksensor_mv.cpp(156): error C3861: 'CanCalculate': identifier not found
d:\s2prog\shared\src\aiwashtracksensor_mv.cpp(157): error C2065: 'CalcValue': undeclared identifier
d:\s2prog\shared\src\aiwashtracksensor_mv.cpp(157): error C2065: 'Gain': undeclared identifier
d:\s2prog\shared\src\aiwashtracksensor_mv.cpp(157): error C2065: 'FilteredValue': undeclared identifier
d:\s2prog\shared\src\aiwashtracksensor_mv.cpp(157): error C2065: 'Offset': undeclared identifier
d:\s2prog\shared\src\aiwashtracksensor_mv.cpp(159): error C2065: 'CalcValue': undeclared identifier
d:\s2prog\shared\src\aiwashtracksensor_mv.cpp(161): error C2065: 'CalcValue': undeclared identifier
  AILevelSensorAirPurge.cpp
d:\s2prog\shared\src\ailevelsensorairpurge.cpp(9): error C2653: 'AILevelSensorAirPurge': is not a class or namespace name
d:\s2prog\shared\src\ailevelsensorairpurge.cpp(10): error C4430: missing type specifier - int assumed. Note: C++ does not support default-int
d:\s2prog\shared\src\ailevelsensorairpurge.cpp(11): error C2065: 'Type': undeclared identifier
d:\s2prog\shared\src\ailevelsensorairpurge.cpp(12): error C2065: 'IOType': undeclared identifier
d:\s2prog\shared\src\ailevelsensorairpurge.cpp(13): error C2065: 'BasicSensorTypeWord': undeclared identifier
d:\s2prog\shared\src\ailevelsensorairpurge.cpp(14): error C2065: 'Location': undeclared identifier
d:\s2prog\shared\src\ailevelsensorairpurge.cpp(15): error C2065: 'MinRange': undeclared identifier
d:\s2prog\shared\src\ailevelsensorairpurge.cpp(16): error C2065: 'MaxRange': undeclared identifier
d:\s2prog\shared\src\ailevelsensorairpurge.cpp(17): error C2355: 'this': can only be referenced inside non-static member functions or non-static data member initializers
d:\s2prog\shared\src\ailevelsensorairpurge.cpp(18): error C2065: 'AlarmSet': undeclared identifier
d:\s2prog\shared\src\ailevelsensorairpurge.cpp(19): warning C4508: 'AILevelSensorAirPurge': function should return a value; 'void' return type assumed
d:\s2prog\shared\src\ailevelsensorairpurge.cpp(21): error C2653: 'AILevelSensorAirPurge': is not a class or namespace name
d:\s2prog\shared\src\ailevelsensorairpurge.cpp(21): error C2523: '<Unknown>::~AILevelSensorAirPurge': destructor tag mismatch
d:\s2prog\shared\src\ailevelsensorairpurge.cpp(22): error C4430: missing type specifier - int assumed. Note: C++ does not support default-int
d:\s2prog\shared\src\ailevelsensorairpurge.cpp(22): error C2084: function 'int AILevelSensorAirPurge(void)' already has a body
  d:\s2prog\shared\src\ailevelsensorairpurge.cpp(9): note: see previous definition of 'AILevelSensorAirPurge'
d:\s2prog\shared\src\ailevelsensorairpurge.cpp(32): error C2653: 'AILevelSensorAirPurge': is not a class or namespace name
d:\s2prog\shared\src\ailevelsensorairpurge.cpp(36): error C2065: 'Offset': undeclared identifier
d:\s2prog\shared\src\ailevelsensorairpurge.cpp(39): error C3861: 'AdjustSensor': identifier not found
d:\s2prog\shared\src\ailevelsensorairpurge.cpp(42): error C2352: 'AnalogInput::PutValue': illegal call of non-static member function
  d:\s2prog\shared\src\analoginput.h(75): note: see declaration of 'AnalogInput::PutValue'
d:\s2prog\shared\src\ailevelsensorairpurge.cpp(46): error C3861: 'SetModifiedFlag': identifier not found
d:\s2prog\shared\src\ailevelsensorairpurge.cpp(54): error C2653: 'AILevelSensorAirPurge': is not a class or namespace name
d:\s2prog\shared\src\ailevelsensorairpurge.cpp(58): error C2065: 'Offset': undeclared identifier
d:\s2prog\shared\src\ailevelsensorairpurge.cpp(62): error C2065: 'SVT_AIRPURGE_LEVEL_SNS': undeclared identifier
d:\s2prog\shared\src\ailevelsensorairpurge.cpp(64): error C3861: 'Calculate': identifier not found
d:\s2prog\shared\src\ailevelsensorairpurge.cpp(69): error C2352: 'AnalogInput::GetValue': illegal call of non-static member function
  d:\s2prog\shared\src\analoginput.h(73): note: see declaration of 'AnalogInput::GetValue'
d:\s2prog\shared\src\ailevelsensorairpurge.cpp(62): error C2051: case expression not constant
d:\s2prog\shared\src\ailevelsensorairpurge.cpp(75): error C2653: 'AILevelSensorAirPurge': is not a class or namespace name
d:\s2prog\shared\src\ailevelsensorairpurge.cpp(82): error C2352: 'AnalogInput::GetStringValue': illegal call of non-static member function
  d:\s2prog\shared\src\analoginput.h(74): note: see declaration of 'AnalogInput::GetStringValue'
d:\s2prog\shared\src\ailevelsensorairpurge.cpp(89): error C2653: 'AILevelSensorAirPurge': is not a class or namespace name
d:\s2prog\shared\src\ailevelsensorairpurge.cpp(92): error C2065: 'SVT_AIRPURGE_LEVEL_SNS': undeclared identifier
d:\s2prog\shared\src\ailevelsensorairpurge.cpp(93): error C2065: 'FilteredValue': undeclared identifier
d:\s2prog\shared\src\ailevelsensorairpurge.cpp(94): error C2065: 'ActiveAlarms': undeclared identifier
d:\s2prog\shared\src\ailevelsensorairpurge.cpp(94): error C2065: 'AlarmSet': undeclared identifier
d:\s2prog\shared\src\ailevelsensorairpurge.cpp(94): error C2065: 'HWFailure': undeclared identifier
d:\s2prog\shared\src\ailevelsensorairpurge.cpp(96): error C2065: 'SVT_AIRPURGE_SNS_FAIL': undeclared identifier
d:\s2prog\shared\src\ailevelsensorairpurge.cpp(98): error C2065: 'Failure': undeclared identifier
d:\s2prog\shared\src\ailevelsensorairpurge.cpp(100): error C2065: 'Failure': undeclared identifier
d:\s2prog\shared\src\ailevelsensorairpurge.cpp(104): error C2352: 'AnalogInput::PutFloatValue': illegal call of non-static member function
  d:\s2prog\shared\src\analoginput.h(76): note: see declaration of 'AnalogInput::PutFloatValue'
d:\s2prog\shared\src\ailevelsensorairpurge.cpp(92): error C2051: case expression not constant
d:\s2prog\shared\src\ailevelsensorairpurge.cpp(96): error C2051: case expression not constant
d:\s2prog\shared\src\ailevelsensorairpurge.cpp(113): error C2653: 'AILevelSensorAirPurge': is not a class or namespace name
d:\s2prog\shared\src\ailevelsensorairpurge.cpp(115): error C3861: 'CanCalculate': identifier not found
d:\s2prog\shared\src\ailevelsensorairpurge.cpp(115): error C2065: 'Failure': undeclared identifier
d:\s2prog\shared\src\ailevelsensorairpurge.cpp(117): error C2065: 'Gain': undeclared identifier
d:\s2prog\shared\src\ailevelsensorairpurge.cpp(117): error C2065: 'FilteredValue': undeclared identifier
d:\s2prog\shared\src\ailevelsensorairpurge.cpp(117): error C2065: 'Offset': undeclared identifier
d:\s2prog\shared\src\ailevelsensorairpurge.cpp(121): error C2065: 'CalcValue': undeclared identifier
d:\s2prog\shared\src\ailevelsensorairpurge.cpp(122): error C2065: 'ResultOK': undeclared identifier
d:\s2prog\shared\src\ailevelsensorairpurge.cpp(125): error C2065: 'CalcValue': undeclared identifier
  Generating Code...
