Publics by module

BTConnect	size = 0
	BTConnect                       

BTDisconnect	size = 0
	BTDisconnect                    

BTExit  	size = 0
	BTExit                          

BTInit  	size = 0
	BTInit                          

BTReadCoils	size = 0
	BTReadCoils                     

BTReadExceptionStatus	size = 0
	BTReadExceptionStatus           

BTReadRegisters	size = 0
	BTReadRegisters                 

BTSwapDWord	size = 0
	BTSwapDWord                     

BTSwapWord	size = 0
	BTSwapWord                      

BTWriteCoils	size = 0
	BTWriteCoils                    

BTWriteRegisters	size = 0
	BTWriteRegisters                
